#
# A fatal error has been detected by the Java Runtime Environment:
#
#  EXCEPTION_ACCESS_VIOLATION (0xc0000005) at pc=0x000000005f9e0ee7, pid=8296, tid=0x000000000000293c
#
# JRE version: Java(TM) SE Runtime Environment (8.0_211-b12) (build 1.8.0_211-b12)
# Java VM: Java HotSpot(TM) 64-Bit Server VM (25.211-b12 mixed mode windows-amd64 compressed oops)
# Problematic frame:
# V  [jvm.dll+0x230ee7]
#
# Failed to write core dump. Minidumps are not enabled by default on client versions of Windows
#
# If you would like to submit a bug report, please visit:
#   http://bugreport.java.com/bugreport/crash.jsp
#

---------------  T H R E A D  ---------------

Current thread (0x00000000003ce800):  JavaThread "main" [_thread_in_vm, id=10556, stack(0x0000000002910000,0x0000000002a10000)]

siginfo: ExceptionCode=0xc0000005, reading address 0x0000000000000000

Registers:
RAX=0x0000000000000000, RBX=0x000000001ffd50b8, RCX=0x00000000210993a0, RDX=0x0000000000000007
RSP=0x0000000002a05630, RBP=0x0000000002a05730, RSI=0x00000000003ce800, RDI=0x0000000000000000
R8 =0x0000000000000007, R9 =0x0000000000000006, R10=0x00000000003c8900, R11=0x00000000003c8900
R12=0x00000000003c6ca0, R13=0x0000000002f5ed10, R14=0x00000000003ce800, R15=0x000000001ffd50b8
RIP=0x000000005f9e0ee7, EFLAGS=0x0000000000010202

Top of Stack: (sp=0x0000000002a05630)
0x0000000002a05630:   00000000003ce800 0000000002a05730
0x0000000002a05640:   00000000003ce800 0000000002a130a0
0x0000000002a05650:   0000000002a056f0 00000000003ce800
0x0000000002a05660:   0000000000010101 00000000000000b8
0x0000000002a05670:   000000001ffd50b8 00000000003ce800
0x0000000002a05680:   00000000034f3090 0000000002a06420
0x0000000002a05690:   0000000002a130b0 0000000002a13488
0x0000000002a056a0:   00000000000003d8 0000000002a130a0
0x0000000002a056b0:   00000000003ce800 0000000000000000
0x0000000002a056c0:   0000000000000000 0000000000000000
0x0000000002a056d0:   0000000002a057a8 00000000003ce800
0x0000000002a056e0:   00000000003c8900 00000000ffffffff
0x0000000002a056f0:   00000007c000b738 00000007c000b738
0x0000000002a05700:   000000001ffd50b8 00000000003ce800
0x0000000002a05710:   000000001ffd50b8 00000000003ce800
0x0000000002a05720:   fffffffe00000000 0000000000000000 

Instructions: (pc=0x000000005f9e0ee7)
0x000000005f9e0ec7:   02 7c e6 41 ff 0a 81 7c 24 38 e9 00 00 00 75 05
0x000000005f9e0ed7:   48 8b df eb 29 80 3d 5e 5a 5e 00 00 48 8b 45 10
0x000000005f9e0ee7:   48 8b 18 74 15 8b 5b 08 8b 0d 73 89 57 00 48 d3
0x000000005f9e0ef7:   e3 48 03 1d 61 89 57 00 eb 04 48 8b 5b 08 48 8b 


Register to memory mapping:

RAX=0x0000000000000000 is an unknown value
RBX={method} {0x000000001ffd50c0} 'linkToSpecial' '(Ljava/lang/Object;Ljava/lang/Object;JLjava/lang/invoke/MemberName;)Ljava/lang/Object;' in 'java/lang/invoke/MethodHandle'
RCX=0x00000000210993a0 is an unknown value
RDX=0x0000000000000007 is an unknown value
RSP=0x0000000002a05630 is pointing into the stack for thread: 0x00000000003ce800
RBP=0x0000000002a05730 is pointing into the stack for thread: 0x00000000003ce800
RSI=0x00000000003ce800 is a thread
RDI=0x0000000000000000 is an unknown value
R8 =0x0000000000000007 is an unknown value
R9 =0x0000000000000006 is an unknown value
R10=0x00000000003c8900 is an unknown value
R11=0x00000000003c8900 is an unknown value
R12=0x00000000003c6ca0 is an unknown value
R13=0x0000000002f5ed10 is at entry_point+-304 in (nmethod*)0x0000000002f5ed10
R14=0x00000000003ce800 is a thread
R15={method} {0x000000001ffd50c0} 'linkToSpecial' '(Ljava/lang/Object;Ljava/lang/Object;JLjava/lang/invoke/MemberName;)Ljava/lang/Object;' in 'java/lang/invoke/MethodHandle'


Stack: [0x0000000002910000,0x0000000002a10000],  sp=0x0000000002a05630,  free space=981k
Native frames: (J=compiled Java code, j=interpreted, Vv=VM code, C=native code)
V  [jvm.dll+0x230ee7]
V  [jvm.dll+0x231866]
V  [jvm.dll+0x232408]
C  0x0000000002b5621e

Java frames: (J=compiled Java code, j=interpreted, Vv=VM code)
v  ~RuntimeStub::resolve_opt_virtual_call
J 9008 C2 org.jetbrains.kotlin.com.intellij.util.containers.ConcurrentIntObjectHashMap.tabAt([Lorg/jetbrains/kotlin/com/intellij/util/containers/ConcurrentIntObjectHashMap$Node;I)Lorg/jetbrains/kotlin/com/intellij/util/containers/ConcurrentIntObjectHashMap$Node; (33 bytes) @ 0x00000000034f320c [0x00000000034f31e0+0x2c]
j  org.jetbrains.kotlin.com.intellij.util.containers.ConcurrentIntObjectHashMap.putVal(ILjava/lang/Object;Z)Ljava/lang/Object;+58
j  org.jetbrains.kotlin.com.intellij.util.containers.ConcurrentIntObjectHashMap.put(ILjava/lang/Object;)Ljava/lang/Object;+12
j  org.jetbrains.kotlin.com.intellij.util.containers.ConcurrentIntKeyRefValueHashMap.put(ILjava/lang/Object;)Ljava/lang/Object;+28
J 3347 C1 org.jetbrains.kotlin.com.intellij.openapi.util.Key.<init>(Ljava/lang/String;)V (42 bytes) @ 0x00000000035fef1c [0x00000000035fec60+0x2bc]
j  org.jetbrains.kotlin.com.intellij.openapi.util.Key.create(Ljava/lang/String;)Lorg/jetbrains/kotlin/com/intellij/openapi/util/Key;+13
j  org.jetbrains.kotlin.com.intellij.psi.util.CachedValuesManager.getKeyForClass(Ljava/lang/Class;Ljava/util/concurrent/ConcurrentMap;)Lorg/jetbrains/kotlin/com/intellij/openapi/util/Key;+32
j  org.jetbrains.kotlin.com.intellij.psi.util.CachedValuesManager.getProjectPsiDependentCache(Lorg/jetbrains/kotlin/com/intellij/psi/PsiElement;Ljava/util/function/Function;)Ljava/lang/Object;+26
j  org.jetbrains.kotlin.com.intellij.psi.impl.source.ClassInnerStuffCache.getConstructors()[Lorg/jetbrains/kotlin/com/intellij/psi/PsiMethod;+9
j  org.jetbrains.kotlin.com.intellij.psi.impl.source.PsiClassImpl.getConstructors()[Lorg/jetbrains/kotlin/com/intellij/psi/PsiMethod;+4
j  org.jetbrains.kotlin.load.java.structure.impl.JavaClassImpl.getConstructors()Ljava/util/Collection;+11
j  org.jetbrains.kotlin.load.java.lazy.descriptors.LazyJavaClassMemberScope$constructors$1.invoke()Ljava/util/List;+7
j  org.jetbrains.kotlin.load.java.lazy.descriptors.LazyJavaClassMemberScope$constructors$1.invoke()Ljava/lang/Object;+1
J 4320 C2 org.jetbrains.kotlin.storage.LockBasedStorageManager$LockBasedLazyValue.invoke()Ljava/lang/Object; (257 bytes) @ 0x0000000003956024 [0x0000000003955e80+0x1a4]
J 4105 C2 org.jetbrains.kotlin.storage.LockBasedStorageManager$LockBasedNotNullLazyValue.invoke()Ljava/lang/Object; (35 bytes) @ 0x000000000388d694 [0x000000000388d660+0x34]
j  org.jetbrains.kotlin.load.java.lazy.descriptors.LazyJavaClassDescriptor.getConstructors()Ljava/util/List;+7
j  org.jetbrains.kotlin.load.java.lazy.descriptors.LazyJavaClassDescriptor.getConstructors()Ljava/util/Collection;+1
j  org.jetbrains.kotlin.resolve.calls.tower.TowerLevelsKt.getConstructorsOfClassifier(Lorg/jetbrains/kotlin/descriptors/ClassifierDescriptor;)Ljava/util/List;+61
j  org.jetbrains.kotlin.resolve.calls.tower.TowerLevelsKt.getContributedFunctionsAndConstructors(Lorg/jetbrains/kotlin/resolve/scopes/ResolutionScope;Lorg/jetbrains/kotlin/name/Name;Lorg/jetbrains/kotlin/incremental/components/LookupLocation;Lorg/jetbrains/kotlin/resolve/scopes/receivers/ReceiverValueWithSmartCastInfo;Lorg/jetbrains/kotlin/resolve/scopes/receivers/ReceiverValueWithSmartCastInfo;Lorg/jetbrains/kotlin/resolve/calls/tower/ImplicitScopeTower;)Ljava/util/Collection;+54
j  org.jetbrains.kotlin.resolve.calls.tower.TowerLevelsKt.access$getContributedFunctionsAndConstructors(Lorg/jetbrains/kotlin/resolve/scopes/ResolutionScope;Lorg/jetbrains/kotlin/name/Name;Lorg/jetbrains/kotlin/incremental/components/LookupLocation;Lorg/jetbrains/kotlin/resolve/scopes/receivers/ReceiverValueWithSmartCastInfo;Lorg/jetbrains/kotlin/resolve/scopes/receivers/ReceiverValueWithSmartCastInfo;Lorg/jetbrains/kotlin/resolve/calls/tower/ImplicitScopeTower;)Ljava/util/Collection;+8
j  org.jetbrains.kotlin.resolve.calls.tower.ScopeBasedTowerLevel.getFunctions(Lorg/jetbrains/kotlin/name/Name;Lorg/jetbrains/kotlin/resolve/scopes/receivers/ReceiverValueWithSmartCastInfo;)Ljava/util/Collection;+29
J 8146 C1 org.jetbrains.kotlin.resolve.calls.tower.ScopeTowerProcessorsKt$createSimpleFunctionProcessor$1.invoke(Ljava/lang/Object;Ljava/lang/Object;)Ljava/lang/Object; (13 bytes) @ 0x0000000004b1b284 [0x0000000004b1ab80+0x704]
j  org.jetbrains.kotlin.resolve.calls.tower.NoExplicitReceiverScopeTowerProcessor.simpleProcess(Lorg/jetbrains/kotlin/resolve/calls/tower/TowerData;)Ljava/util/Collection;+72
J 8869 C2 org.jetbrains.kotlin.resolve.calls.tower.AbstractSimpleScopeTowerProcessor.process(Lorg/jetbrains/kotlin/resolve/calls/tower/TowerData;)Ljava/util/List; (6 bytes) @ 0x0000000004f6d264 [0x0000000004f6d220+0x44]
J 6255 C1 org.jetbrains.kotlin.resolve.calls.tower.PrioritizedCompositeScopeTowerProcessor.process(Lorg/jetbrains/kotlin/resolve/calls/tower/TowerData;)Ljava/util/List; (98 bytes) @ 0x00000000040c86d4 [0x00000000040c80c0+0x614]
J 6386 C1 org.jetbrains.kotlin.resolve.calls.tower.TowerResolver.processTowerData(Lorg/jetbrains/kotlin/resolve/calls/tower/ScopeTowerProcessor;Lorg/jetbrains/kotlin/resolve/calls/tower/TowerResolver$ResultCollector;ZLorg/jetbrains/kotlin/resolve/calls/tower/TowerData;)Ljava/util/Collection; (104 bytes) @ 0x000000000416115c [0x0000000004160d20+0x43c]
J 6492 C1 org.jetbrains.kotlin.resolve.calls.tower.TowerResolver$Task.process(Lorg/jetbrains/kotlin/resolve/calls/tower/TowerData;)Ljava/util/Collection; (44 bytes) @ 0x00000000041ee154 [0x00000000041ee060+0xf4]
J 8892 C1 org.jetbrains.kotlin.resolve.calls.tower.TowerResolver$Task.processImplicitReceiver(Lorg/jetbrains/kotlin/resolve/scopes/receivers/ReceiverValueWithSmartCastInfo;Z)Ljava/util/Collection; (336 bytes) @ 0x0000000004f9967c [0x0000000004f964a0+0x31dc]
J 6126 C1 org.jetbrains.kotlin.resolve.calls.tower.TowerResolver$Task.run$processScope(Lorg/jetbrains/kotlin/resolve/calls/tower/TowerResolver$Task;Lorg/jetbrains/kotlin/resolve/scopes/HierarchicalScope;Z)Ljava/util/Collection; (217 bytes) @ 0x0000000004032434 [0x0000000004030fe0+0x1454]
J 8293 C1 org.jetbrains.kotlin.resolve.calls.tower.TowerResolver$Task.run()Ljava/util/Collection; (336 bytes) @ 0x0000000004c0869c [0x0000000004c06880+0x1e1c]
J 8285 C1 org.jetbrains.kotlin.resolve.calls.tower.TowerResolver.runResolve(Lorg/jetbrains/kotlin/resolve/calls/tower/ImplicitScopeTower;Lorg/jetbrains/kotlin/resolve/calls/tower/ScopeTowerProcessor;ZLorg/jetbrains/kotlin/name/Name;)Ljava/util/Collection; (39 bytes) @ 0x0000000004bfc294 [0x0000000004bfb440+0xe54]
J 8284 C1 org.jetbrains.kotlin.resolve.calls.KotlinCallResolver.resolveCall(Lorg/jetbrains/kotlin/resolve/calls/tower/ImplicitScopeTower;Lorg/jetbrains/kotlin/resolve/calls/components/KotlinResolutionCallbacks;Lorg/jetbrains/kotlin/resolve/calls/model/KotlinCall;Lorg/jetbrains/kotlin/types/UnwrappedType;ZLkotlin/jvm/functions/Function0;)Lorg/jetbrains/kotlin/resolve/calls/model/CallResolutionResult; (353 bytes) @ 0x0000000004c0334c [0x0000000004c01340+0x200c]
J 8486 C1 org.jetbrains.kotlin.resolve.calls.tower.PSICallResolver.runResolutionAndInference(Lorg/jetbrains/kotlin/resolve/calls/context/BasicCallResolutionContext;Lorg/jetbrains/kotlin/name/Name;Lorg/jetbrains/kotlin/resolve/calls/tower/NewResolutionOldInference$ResolutionKind;Lorg/jetbrains/kotlin/resolve/calls/tasks/TracingStrategy;)Lorg/jetbrains/kotlin/resolve/calls/results/OverloadResolutionResults; (315 bytes) @ 0x000000000395e6f4 [0x000000000395d280+0x1474]
J 7341 C1 org.jetbrains.kotlin.resolve.calls.CallResolver.doResolveCallOrGetCachedResults(Lorg/jetbrains/kotlin/resolve/calls/context/BasicCallResolutionContext;Lorg/jetbrains/kotlin/resolve/calls/CallResolver$ResolutionTask;Lorg/jetbrains/kotlin/resolve/calls/tasks/TracingStrategy;)Lorg/jetbrains/kotlin/resolve/calls/results/OverloadResolutionResults; (379 bytes) @ 0x00000000046cd6cc [0x00000000046caca0+0x2a2c]
J 7975 C1 org.jetbrains.kotlin.resolve.calls.CallResolver$$Lambda$249.invoke()Ljava/lang/Object; (24 bytes) @ 0x00000000049a5f04 [0x00000000049a5d20+0x1e4]
J 5406 C1 org.jetbrains.kotlin.util.PerformanceCounter.time(Lkotlin/jvm/functions/Function0;)Ljava/lang/Object; (215 bytes) @ 0x0000000003e45f7c [0x0000000003e44600+0x197c]
J 7695 C1 org.jetbrains.kotlin.resolve.calls.CallResolver.computeTasksAndResolveCall(Lorg/jetbrains/kotlin/resolve/calls/context/BasicCallResolutionContext;Lorg/jetbrains/kotlin/name/Name;Lorg/jetbrains/kotlin/resolve/calls/tasks/TracingStrategy;Lorg/jetbrains/kotlin/resolve/calls/tower/NewResolutionOldInference$ResolutionKind;)Lorg/jetbrains/kotlin/resolve/calls/results/OverloadResolutionResults; (67 bytes) @ 0x00000000034909dc [0x0000000003490320+0x6bc]
J 7694 C1 org.jetbrains.kotlin.resolve.calls.CallResolver.computeTasksAndResolveCall(Lorg/jetbrains/kotlin/resolve/calls/context/BasicCallResolutionContext;Lorg/jetbrains/kotlin/name/Name;Lorg/jetbrains/kotlin/psi/KtReferenceExpression;Lorg/jetbrains/kotlin/resolve/calls/tower/NewResolutionOldInference$ResolutionKind;)Lorg/jetbrains/kotlin/resolve/calls/results/OverloadResolutionResults; (67 bytes) @ 0x000000000347b724 [0x000000000347b1e0+0x544]
J 8303 C1 org.jetbrains.kotlin.resolve.calls.CallResolver.resolveFunctionCall(Lorg/jetbrains/kotlin/resolve/calls/context/BasicCallResolutionContext;)Lorg/jetbrains/kotlin/resolve/calls/results/OverloadResolutionResults; (467 bytes) @ 0x0000000004c23d14 [0x0000000004c231a0+0xb74]
J 8947 C1 org.jetbrains.kotlin.resolve.calls.CallExpressionResolver.getResolvedCallForFunction(Lorg/jetbrains/kotlin/psi/Call;Lorg/jetbrains/kotlin/resolve/calls/context/ResolutionContext;Lorg/jetbrains/kotlin/resolve/calls/context/CheckArgumentTypesMode;Lorg/jetbrains/kotlin/resolve/calls/smartcasts/DataFlowInfo;)Lkotlin/Pair; (82 bytes) @ 0x0000000004feb83c [0x0000000004feb6e0+0x15c]
j  org.jetbrains.kotlin.resolve.calls.CallExpressionResolver.getCallExpressionTypeInfoWithoutFinalTypeCheck(Lorg/jetbrains/kotlin/psi/KtCallExpression;Lorg/jetbrains/kotlin/resolve/scopes/receivers/Receiver;Lorg/jetbrains/kotlin/com/intellij/lang/ASTNode;Lorg/jetbrains/kotlin/types/expressions/ExpressionTypingContext;Lorg/jetbrains/kotlin/resolve/calls/smartcasts/DataFlowInfo;)Lorg/jetbrains/kotlin/types/expressions/KotlinTypeInfo;+67
j  org.jetbrains.kotlin.resolve.calls.CallExpressionResolver.getCallExpressionTypeInfo(Lorg/jetbrains/kotlin/psi/KtCallExpression;Lorg/jetbrains/kotlin/types/expressions/ExpressionTypingContext;)Lorg/jetbrains/kotlin/types/expressions/KotlinTypeInfo;+35
j  org.jetbrains.kotlin.types.expressions.BasicExpressionTypingVisitor.visitCallExpression(Lorg/jetbrains/kotlin/psi/KtCallExpression;Lorg/jetbrains/kotlin/types/expressions/ExpressionTypingContext;)Lorg/jetbrains/kotlin/types/expressions/KotlinTypeInfo;+20
j  org.jetbrains.kotlin.types.expressions.ExpressionTypingVisitorDispatcher.visitCallExpression(Lorg/jetbrains/kotlin/psi/KtCallExpression;Lorg/jetbrains/kotlin/types/expressions/ExpressionTypingContext;)Lorg/jetbrains/kotlin/types/expressions/KotlinTypeInfo;+15
j  org.jetbrains.kotlin.types.expressions.ExpressionTypingVisitorDispatcher$ForDeclarations.visitCallExpression(Lorg/jetbrains/kotlin/psi/KtCallExpression;Ljava/lang/Object;)Ljava/lang/Object;+6
J 8144 C1 org.jetbrains.kotlin.psi.KtCallExpression.accept(Lorg/jetbrains/kotlin/psi/KtVisitor;Ljava/lang/Object;)Ljava/lang/Object; (15 bytes) @ 0x0000000004b2504c [0x0000000004b24ec0+0x18c]
J 7851 C1 org.jetbrains.kotlin.types.expressions.ExpressionTypingVisitorDispatcher.lambda$getTypeInfo$0(Lorg/jetbrains/kotlin/psi/KtExpression;Lorg/jetbrains/kotlin/types/expressions/ExpressionTypingContext;Lorg/jetbrains/kotlin/psi/KtVisitor;)Lorg/jetbrains/kotlin/types/expressions/KotlinTypeInfo; (361 bytes) @ 0x00000000048d4234 [0x00000000048d3f00+0x334]
J 7850 C1 org.jetbrains.kotlin.types.expressions.ExpressionTypingVisitorDispatcher$$Lambda$232.invoke()Ljava/lang/Object; (20 bytes) @ 0x00000000048bb524 [0x00000000048bb480+0xa4]
J 5406 C1 org.jetbrains.kotlin.util.PerformanceCounter.time(Lkotlin/jvm/functions/Function0;)Ljava/lang/Object; (215 bytes) @ 0x0000000003e45f7c [0x0000000003e44600+0x197c]
J 6859 C1 org.jetbrains.kotlin.types.expressions.ExpressionTypingVisitorDispatcher.getTypeInfo(Lorg/jetbrains/kotlin/psi/KtExpression;Lorg/jetbrains/kotlin/types/expressions/ExpressionTypingContext;Lorg/jetbrains/kotlin/psi/KtVisitor;)Lorg/jetbrains/kotlin/types/expressions/KotlinTypeInfo; (40 bytes) @ 0x00000000043df4dc [0x00000000043deb20+0x9bc]
J 7959 C1 org.jetbrains.kotlin.types.expressions.ExpressionTypingVisitorDispatcher.getTypeInfo(Lorg/jetbrains/kotlin/psi/KtExpression;Lorg/jetbrains/kotlin/types/expressions/ExpressionTypingContext;)Lorg/jetbrains/kotlin/types/expressions/KotlinTypeInfo; (40 bytes) @ 0x0000000004990264 [0x0000000004990160+0x104]
J 8151 C1 org.jetbrains.kotlin.types.expressions.ExpressionTypingServices.getTypeInfo(Lorg/jetbrains/kotlin/psi/KtExpression;Lorg/jetbrains/kotlin/resolve/calls/context/ResolutionContext;)Lorg/jetbrains/kotlin/types/expressions/KotlinTypeInfo; (42 bytes) @ 0x0000000004b24a2c [0x0000000004b24800+0x22c]
j  org.jetbrains.kotlin.resolve.calls.CallExpressionResolver.getQualifiedExpressionTypeInfo(Lorg/jetbrains/kotlin/psi/KtQualifiedExpression;Lorg/jetbrains/kotlin/types/expressions/ExpressionTypingContext;)Lorg/jetbrains/kotlin/types/expressions/KotlinTypeInfo;+141
J 8701 C1 org.jetbrains.kotlin.types.expressions.ExpressionTypingVisitorDispatcher.visitQualifiedExpression(Lorg/jetbrains/kotlin/psi/KtQualifiedExpression;Lorg/jetbrains/kotlin/types/expressions/ExpressionTypingContext;)Lorg/jetbrains/kotlin/types/expressions/KotlinTypeInfo; (19 bytes) @ 0x00000000039585f4 [0x00000000039583a0+0x254]
j  org.jetbrains.kotlin.types.expressions.ExpressionTypingVisitorDispatcher$ForBlock.visitQualifiedExpression(Lorg/jetbrains/kotlin/psi/KtQualifiedExpression;Ljava/lang/Object;)Ljava/lang/Object;+6
J 7923 C1 org.jetbrains.kotlin.psi.KtVisitor.visitDotQualifiedExpression(Lorg/jetbrains/kotlin/psi/KtDotQualifiedExpression;Ljava/lang/Object;)Ljava/lang/Object; (16 bytes) @ 0x0000000004968cb4 [0x0000000004968b40+0x174]
J 7618 C1 org.jetbrains.kotlin.psi.KtDotQualifiedExpression.accept(Lorg/jetbrains/kotlin/psi/KtVisitor;Ljava/lang/Object;)Ljava/lang/Object; (13 bytes) @ 0x00000000034dd31c [0x00000000034dcec0+0x45c]
J 7851 C1 org.jetbrains.kotlin.types.expressions.ExpressionTypingVisitorDispatcher.lambda$getTypeInfo$0(Lorg/jetbrains/kotlin/psi/KtExpression;Lorg/jetbrains/kotlin/types/expressions/ExpressionTypingContext;Lorg/jetbrains/kotlin/psi/KtVisitor;)Lorg/jetbrains/kotlin/types/expressions/KotlinTypeInfo; (361 bytes) @ 0x00000000048d4234 [0x00000000048d3f00+0x334]
J 7850 C1 org.jetbrains.kotlin.types.expressions.ExpressionTypingVisitorDispatcher$$Lambda$232.invoke()Ljava/lang/Object; (20 bytes) @ 0x00000000048bb524 [0x00000000048bb480+0xa4]
J 5406 C1 org.jetbrains.kotlin.util.PerformanceCounter.time(Lkotlin/jvm/functions/Function0;)Ljava/lang/Object; (215 bytes) @ 0x0000000003e45f7c [0x0000000003e44600+0x197c]
J 6859 C1 org.jetbrains.kotlin.types.expressions.ExpressionTypingVisitorDispatcher.getTypeInfo(Lorg/jetbrains/kotlin/psi/KtExpression;Lorg/jetbrains/kotlin/types/expressions/ExpressionTypingContext;Lorg/jetbrains/kotlin/psi/KtVisitor;)Lorg/jetbrains/kotlin/types/expressions/KotlinTypeInfo; (40 bytes) @ 0x00000000043df4dc [0x00000000043deb20+0x9bc]
J 7959 C1 org.jetbrains.kotlin.types.expressions.ExpressionTypingVisitorDispatcher.getTypeInfo(Lorg/jetbrains/kotlin/psi/KtExpression;Lorg/jetbrains/kotlin/types/expressions/ExpressionTypingContext;)Lorg/jetbrains/kotlin/types/expressions/KotlinTypeInfo; (40 bytes) @ 0x0000000004990264 [0x0000000004990160+0x104]
j  org.jetbrains.kotlin.types.expressions.ExpressionTypingVisitorForStatements.visitExpression(Lorg/jetbrains/kotlin/psi/KtExpression;Lorg/jetbrains/kotlin/types/expressions/ExpressionTypingContext;)Lorg/jetbrains/kotlin/types/expressions/KotlinTypeInfo;+15
j  org.jetbrains.kotlin.types.expressions.ExpressionTypingVisitorForStatements.visitExpression(Lorg/jetbrains/kotlin/psi/KtExpression;Ljava/lang/Object;)Ljava/lang/Object;+6
J 8861 C1 org.jetbrains.kotlin.psi.KtVisitor.visitQualifiedExpression(Lorg/jetbrains/kotlin/psi/KtQualifiedExpression;Ljava/lang/Object;)Ljava/lang/Object; (16 bytes) @ 0x0000000004f653f4 [0x0000000004f65280+0x174]
J 7923 C1 org.jetbrains.kotlin.psi.KtVisitor.visitDotQualifiedExpression(Lorg/jetbrains/kotlin/psi/KtDotQualifiedExpression;Ljava/lang/Object;)Ljava/lang/Object; (16 bytes) @ 0x0000000004968cb4 [0x0000000004968b40+0x174]
J 7618 C1 org.jetbrains.kotlin.psi.KtDotQualifiedExpression.accept(Lorg/jetbrains/kotlin/psi/KtVisitor;Ljava/lang/Object;)Ljava/lang/Object; (13 bytes) @ 0x00000000034dd31c [0x00000000034dcec0+0x45c]
J 7851 C1 org.jetbrains.kotlin.types.expressions.ExpressionTypingVisitorDispatcher.lambda$getTypeInfo$0(Lorg/jetbrains/kotlin/psi/KtExpression;Lorg/jetbrains/kotlin/types/expressions/ExpressionTypingContext;Lorg/jetbrains/kotlin/psi/KtVisitor;)Lorg/jetbrains/kotlin/types/expressions/KotlinTypeInfo; (361 bytes) @ 0x00000000048d4234 [0x00000000048d3f00+0x334]
J 7850 C1 org.jetbrains.kotlin.types.expressions.ExpressionTypingVisitorDispatcher$$Lambda$232.invoke()Ljava/lang/Object; (20 bytes) @ 0x00000000048bb524 [0x00000000048bb480+0xa4]
J 5406 C1 org.jetbrains.kotlin.util.PerformanceCounter.time(Lkotlin/jvm/functions/Function0;)Ljava/lang/Object; (215 bytes) @ 0x0000000003e45f7c [0x0000000003e44600+0x197c]
J 6859 C1 org.jetbrains.kotlin.types.expressions.ExpressionTypingVisitorDispatcher.getTypeInfo(Lorg/jetbrains/kotlin/psi/KtExpression;Lorg/jetbrains/kotlin/types/expressions/ExpressionTypingContext;Lorg/jetbrains/kotlin/psi/KtVisitor;)Lorg/jetbrains/kotlin/types/expressions/KotlinTypeInfo; (40 bytes) @ 0x00000000043df4dc [0x00000000043deb20+0x9bc]
J 8514 C1 org.jetbrains.kotlin.types.expressions.ExpressionTypingVisitorDispatcher.getTypeInfo(Lorg/jetbrains/kotlin/psi/KtExpression;Lorg/jetbrains/kotlin/types/expressions/ExpressionTypingContext;Z)Lorg/jetbrains/kotlin/types/expressions/KotlinTypeInfo; (52 bytes) @ 0x000000000309da64 [0x000000000309d740+0x324]
j  org.jetbrains.kotlin.types.expressions.ExpressionTypingServices.getTypeOfLastExpressionInBlock(Lorg/jetbrains/kotlin/psi/KtExpression;Lorg/jetbrains/kotlin/types/expressions/ExpressionTypingContext;Lorg/jetbrains/kotlin/types/expressions/CoercionStrategy;Lorg/jetbrains/kotlin/types/expressions/ExpressionTypingInternals;)Lorg/jetbrains/kotlin/types/expressions/KotlinTypeInfo;+196
j  org.jetbrains.kotlin.types.expressions.ExpressionTypingServices.getBlockReturnedTypeWithWritableScope(Lorg/jetbrains/kotlin/resolve/scopes/LexicalWritableScope;Ljava/util/List;Lorg/jetbrains/kotlin/types/expressions/CoercionStrategy;Lorg/jetbrains/kotlin/types/expressions/ExpressionTypingContext;)Lorg/jetbrains/kotlin/types/expressions/KotlinTypeInfo;+226
j  org.jetbrains.kotlin.types.expressions.ExpressionTypingServices.getBlockReturnedType(Lorg/jetbrains/kotlin/psi/KtBlockExpression;Lorg/jetbrains/kotlin/types/expressions/CoercionStrategy;Lorg/jetbrains/kotlin/types/expressions/ExpressionTypingContext;)Lorg/jetbrains/kotlin/types/expressions/KotlinTypeInfo;+143
j  org.jetbrains.kotlin.types.expressions.ExpressionTypingServices.getBlockReturnedType(Lorg/jetbrains/kotlin/psi/KtBlockExpression;Lorg/jetbrains/kotlin/types/expressions/ExpressionTypingContext;Z)Lorg/jetbrains/kotlin/types/expressions/KotlinTypeInfo;+16
j  org.jetbrains.kotlin.types.expressions.BasicExpressionTypingVisitor.visitBlockExpression(Lorg/jetbrains/kotlin/psi/KtBlockExpression;Lorg/jetbrains/kotlin/types/expressions/ExpressionTypingContext;)Lorg/jetbrains/kotlin/types/expressions/KotlinTypeInfo;+19
j  org.jetbrains.kotlin.types.expressions.ExpressionTypingVisitorDispatcher.visitBlockExpression(Lorg/jetbrains/kotlin/psi/KtBlockExpression;Lorg/jetbrains/kotlin/types/expressions/ExpressionTypingContext;)Lorg/jetbrains/kotlin/types/expressions/KotlinTypeInfo;+15
j  org.jetbrains.kotlin.types.expressions.ExpressionTypingVisitorDispatcher$ForDeclarations.visitBlockExpression(Lorg/jetbrains/kotlin/psi/KtBlockExpression;Ljava/lang/Object;)Ljava/lang/Object;+6
j  org.jetbrains.kotlin.psi.KtBlockExpression.accept(Lorg/jetbrains/kotlin/psi/KtVisitor;Ljava/lang/Object;)Ljava/lang/Object;+11
J 7851 C1 org.jetbrains.kotlin.types.expressions.ExpressionTypingVisitorDispatcher.lambda$getTypeInfo$0(Lorg/jetbrains/kotlin/psi/KtExpression;Lorg/jetbrains/kotlin/types/expressions/ExpressionTypingContext;Lorg/jetbrains/kotlin/psi/KtVisitor;)Lorg/jetbrains/kotlin/types/expressions/KotlinTypeInfo; (361 bytes) @ 0x00000000048d4234 [0x00000000048d3f00+0x334]
J 7850 C1 org.jetbrains.kotlin.types.expressions.ExpressionTypingVisitorDispatcher$$Lambda$232.invoke()Ljava/lang/Object; (20 bytes) @ 0x00000000048bb524 [0x00000000048bb480+0xa4]
J 5406 C1 org.jetbrains.kotlin.util.PerformanceCounter.time(Lkotlin/jvm/functions/Function0;)Ljava/lang/Object; (215 bytes) @ 0x0000000003e45f7c [0x0000000003e44600+0x197c]
J 6859 C1 org.jetbrains.kotlin.types.expressions.ExpressionTypingVisitorDispatcher.getTypeInfo(Lorg/jetbrains/kotlin/psi/KtExpression;Lorg/jetbrains/kotlin/types/expressions/ExpressionTypingContext;Lorg/jetbrains/kotlin/psi/KtVisitor;)Lorg/jetbrains/kotlin/types/expressions/KotlinTypeInfo; (40 bytes) @ 0x00000000043df4dc [0x00000000043deb20+0x9bc]
J 7959 C1 org.jetbrains.kotlin.types.expressions.ExpressionTypingVisitorDispatcher.getTypeInfo(Lorg/jetbrains/kotlin/psi/KtExpression;Lorg/jetbrains/kotlin/types/expressions/ExpressionTypingContext;)Lorg/jetbrains/kotlin/types/expressions/KotlinTypeInfo; (40 bytes) @ 0x0000000004990264 [0x0000000004990160+0x104]
J 8151 C1 org.jetbrains.kotlin.types.expressions.ExpressionTypingServices.getTypeInfo(Lorg/jetbrains/kotlin/psi/KtExpression;Lorg/jetbrains/kotlin/resolve/calls/context/ResolutionContext;)Lorg/jetbrains/kotlin/types/expressions/KotlinTypeInfo; (42 bytes) @ 0x0000000004b24a2c [0x0000000004b24800+0x22c]
J 8916 C1 org.jetbrains.kotlin.resolve.calls.tower.PSICallResolver.resolveValueArgument(Lorg/jetbrains/kotlin/resolve/calls/context/BasicCallResolutionContext;Lorg/jetbrains/kotlin/resolve/calls/smartcasts/DataFlowInfo;Lorg/jetbrains/kotlin/psi/ValueArgument;Z)Lorg/jetbrains/kotlin/resolve/calls/tower/PSIKotlinCallArgument; (348 bytes) @ 0x0000000004fd6e1c [0x0000000004fd50a0+0x1d7c]
J 7346 C1 org.jetbrains.kotlin.resolve.calls.tower.PSICallResolver.resolveArgumentsInParenthesis(Lorg/jetbrains/kotlin/resolve/calls/context/BasicCallResolutionContext;Ljava/util/List;Z)Ljava/util/List; (169 bytes) @ 0x00000000046c37c4 [0x00000000046c2ca0+0xb24]
J 7342 C1 org.jetbrains.kotlin.resolve.calls.tower.PSICallResolver.toKotlinCall(Lorg/jetbrains/kotlin/resolve/calls/context/BasicCallResolutionContext;Lorg/jetbrains/kotlin/resolve/calls/model/KotlinCallKind;Lorg/jetbrains/kotlin/psi/Call;Lorg/jetbrains/kotlin/name/Name;Lorg/jetbrains/kotlin/resolve/calls/tasks/TracingStrategy;ZLorg/jetbrains/kotlin/resolve/scopes/receivers/Receiver;)Lorg/jetbrains/kotlin/resolve/calls/tower/PSIKotlinCallImpl; (795 bytes) @ 0x00000000046d2094 [0x00000000046d1820+0x874]
j  org.jetbrains.kotlin.resolve.calls.tower.PSICallResolver.runResolutionAndInferenceForGivenCandidates(Lorg/jetbrains/kotlin/resolve/calls/context/BasicCallResolutionContext;Ljava/util/Collection;Lorg/jetbrains/kotlin/resolve/calls/tasks/TracingStrategy;)Lorg/jetbrains/kotlin/resolve/calls/results/OverloadResolutionResults;+210
J 7341 C1 org.jetbrains.kotlin.resolve.calls.CallResolver.doResolveCallOrGetCachedResults(Lorg/jetbrains/kotlin/resolve/calls/context/BasicCallResolutionContext;Lorg/jetbrains/kotlin/resolve/calls/CallResolver$ResolutionTask;Lorg/jetbrains/kotlin/resolve/calls/tasks/TracingStrategy;)Lorg/jetbrains/kotlin/resolve/calls/results/OverloadResolutionResults; (379 bytes) @ 0x00000000046cd4bc [0x00000000046caca0+0x281c]
j  org.jetbrains.kotlin.resolve.calls.CallResolver.lambda$resolveCallWithKnownCandidate$4(Lorg/jetbrains/kotlin/resolve/calls/context/ResolutionContext;Lorg/jetbrains/kotlin/psi/Call;Lorg/jetbrains/kotlin/resolve/calls/model/MutableDataFlowInfoForArguments;Lorg/jetbrains/kotlin/resolve/calls/tasks/ResolutionCandidate;Lorg/jetbrains/kotlin/resolve/calls/tasks/TracingStrategy;)Lorg/jetbrains/kotlin/resolve/calls/results/OverloadResolutionResults;+45
j  org.jetbrains.kotlin.resolve.calls.CallResolver$$Lambda$258.invoke()Ljava/lang/Object;+24
J 5406 C1 org.jetbrains.kotlin.util.PerformanceCounter.time(Lkotlin/jvm/functions/Function0;)Ljava/lang/Object; (215 bytes) @ 0x0000000003e45f7c [0x0000000003e44600+0x197c]
j  org.jetbrains.kotlin.resolve.calls.CallResolver.resolveCallWithKnownCandidate(Lorg/jetbrains/kotlin/psi/Call;Lorg/jetbrains/kotlin/resolve/calls/tasks/TracingStrategy;Lorg/jetbrains/kotlin/resolve/calls/context/ResolutionContext;Lorg/jetbrains/kotlin/resolve/calls/tasks/ResolutionCandidate;Lorg/jetbrains/kotlin/resolve/calls/model/MutableDataFlowInfoForArguments;)Lorg/jetbrains/kotlin/resolve/calls/results/OverloadResolutionResults;+53
j  org.jetbrains.kotlin.types.expressions.ControlStructureTypingUtils.resolveSpecialConstructionAsCall(Lorg/jetbrains/kotlin/psi/Call;Lorg/jetbrains/kotlin/descriptors/impl/SimpleFunctionDescriptorImpl;Lorg/jetbrains/kotlin/types/expressions/ControlStructureTypingUtils$ResolveConstruct;Lorg/jetbrains/kotlin/types/expressions/ExpressionTypingContext;Lorg/jetbrains/kotlin/resolve/calls/model/MutableDataFlowInfoForArguments;)Lorg/jetbrains/kotlin/resolve/calls/model/ResolvedCall;+89
j  org.jetbrains.kotlin.types.expressions.ControlStructureTypingUtils.resolveTryAsCall(Lorg/jetbrains/kotlin/psi/Call;Ljava/util/List;Lorg/jetbrains/kotlin/types/expressions/ExpressionTypingContext;Lorg/jetbrains/kotlin/resolve/calls/model/MutableDataFlowInfoForArguments;)Lorg/jetbrains/kotlin/resolve/calls/model/ResolvedCall;+198
j  org.jetbrains.kotlin.types.expressions.ControlStructureTypingVisitor.resolveTryExpressionWithNewInference(Lorg/jetbrains/kotlin/psi/KtTryExpression;Lorg/jetbrains/kotlin/types/expressions/ExpressionTypingContext;)Lorg/jetbrains/kotlin/types/expressions/KotlinTypeInfo;+278
j  org.jetbrains.kotlin.types.expressions.ControlStructureTypingVisitor.visitTryExpression(Lorg/jetbrains/kotlin/psi/KtTryExpression;Lorg/jetbrains/kotlin/types/expressions/ExpressionTypingContext;)Lorg/jetbrains/kotlin/types/expressions/KotlinTypeInfo;+42
j  org.jetbrains.kotlin.types.expressions.ExpressionTypingVisitorDispatcher.visitTryExpression(Lorg/jetbrains/kotlin/psi/KtTryExpression;Lorg/jetbrains/kotlin/types/expressions/ExpressionTypingContext;)Lorg/jetbrains/kotlin/types/expressions/KotlinTypeInfo;+15
j  org.jetbrains.kotlin.types.expressions.ExpressionTypingVisitorDispatcher$ForBlock.visitTryExpression(Lorg/jetbrains/kotlin/psi/KtTryExpression;Ljava/lang/Object;)Ljava/lang/Object;+6
j  org.jetbrains.kotlin.psi.KtTryExpression.accept(Lorg/jetbrains/kotlin/psi/KtVisitor;Ljava/lang/Object;)Ljava/lang/Object;+11
J 7851 C1 org.jetbrains.kotlin.types.expressions.ExpressionTypingVisitorDispatcher.lambda$getTypeInfo$0(Lorg/jetbrains/kotlin/psi/KtExpression;Lorg/jetbrains/kotlin/types/expressions/ExpressionTypingContext;Lorg/jetbrains/kotlin/psi/KtVisitor;)Lorg/jetbrains/kotlin/types/expressions/KotlinTypeInfo; (361 bytes) @ 0x00000000048d4234 [0x00000000048d3f00+0x334]
J 7850 C1 org.jetbrains.kotlin.types.expressions.ExpressionTypingVisitorDispatcher$$Lambda$232.invoke()Ljava/lang/Object; (20 bytes) @ 0x00000000048bb524 [0x00000000048bb480+0xa4]
J 5406 C1 org.jetbrains.kotlin.util.PerformanceCounter.time(Lkotlin/jvm/functions/Function0;)Ljava/lang/Object; (215 bytes) @ 0x0000000003e45f7c [0x0000000003e44600+0x197c]
J 6859 C1 org.jetbrains.kotlin.types.expressions.ExpressionTypingVisitorDispatcher.getTypeInfo(Lorg/jetbrains/kotlin/psi/KtExpression;Lorg/jetbrains/kotlin/types/expressions/ExpressionTypingContext;Lorg/jetbrains/kotlin/psi/KtVisitor;)Lorg/jetbrains/kotlin/types/expressions/KotlinTypeInfo; (40 bytes) @ 0x00000000043df4dc [0x00000000043deb20+0x9bc]
J 7959 C1 org.jetbrains.kotlin.types.expressions.ExpressionTypingVisitorDispatcher.getTypeInfo(Lorg/jetbrains/kotlin/psi/KtExpression;Lorg/jetbrains/kotlin/types/expressions/ExpressionTypingContext;)Lorg/jetbrains/kotlin/types/expressions/KotlinTypeInfo; (40 bytes) @ 0x0000000004990264 [0x0000000004990160+0x104]
j  org.jetbrains.kotlin.types.expressions.ExpressionTypingVisitorForStatements.visitExpression(Lorg/jetbrains/kotlin/psi/KtExpression;Lorg/jetbrains/kotlin/types/expressions/ExpressionTypingContext;)Lorg/jetbrains/kotlin/types/expressions/KotlinTypeInfo;+15
j  org.jetbrains.kotlin.types.expressions.ExpressionTypingVisitorForStatements.visitExpression(Lorg/jetbrains/kotlin/psi/KtExpression;Ljava/lang/Object;)Ljava/lang/Object;+6
j  org.jetbrains.kotlin.psi.KtVisitor.visitTryExpression(Lorg/jetbrains/kotlin/psi/KtTryExpression;Ljava/lang/Object;)Ljava/lang/Object;+12
j  org.jetbrains.kotlin.psi.KtTryExpression.accept(Lorg/jetbrains/kotlin/psi/KtVisitor;Ljava/lang/Object;)Ljava/lang/Object;+11
J 7851 C1 org.jetbrains.kotlin.types.expressions.ExpressionTypingVisitorDispatcher.lambda$getTypeInfo$0(Lorg/jetbrains/kotlin/psi/KtExpression;Lorg/jetbrains/kotlin/types/expressions/ExpressionTypingContext;Lorg/jetbrains/kotlin/psi/KtVisitor;)Lorg/jetbrains/kotlin/types/expressions/KotlinTypeInfo; (361 bytes) @ 0x00000000048d4234 [0x00000000048d3f00+0x334]
J 7850 C1 org.jetbrains.kotlin.types.expressions.ExpressionTypingVisitorDispatcher$$Lambda$232.invoke()Ljava/lang/Object; (20 bytes) @ 0x00000000048bb524 [0x00000000048bb480+0xa4]
J 5406 C1 org.jetbrains.kotlin.util.PerformanceCounter.time(Lkotlin/jvm/functions/Function0;)Ljava/lang/Object; (215 bytes) @ 0x0000000003e45f7c [0x0000000003e44600+0x197c]
J 6859 C1 org.jetbrains.kotlin.types.expressions.ExpressionTypingVisitorDispatcher.getTypeInfo(Lorg/jetbrains/kotlin/psi/KtExpression;Lorg/jetbrains/kotlin/types/expressions/ExpressionTypingContext;Lorg/jetbrains/kotlin/psi/KtVisitor;)Lorg/jetbrains/kotlin/types/expressions/KotlinTypeInfo; (40 bytes) @ 0x00000000043df4dc [0x00000000043deb20+0x9bc]
J 8514 C1 org.jetbrains.kotlin.types.expressions.ExpressionTypingVisitorDispatcher.getTypeInfo(Lorg/jetbrains/kotlin/psi/KtExpression;Lorg/jetbrains/kotlin/types/expressions/ExpressionTypingContext;Z)Lorg/jetbrains/kotlin/types/expressions/KotlinTypeInfo; (52 bytes) @ 0x000000000309da64 [0x000000000309d740+0x324]
j  org.jetbrains.kotlin.types.expressions.ExpressionTypingServices.getTypeOfLastExpressionInBlock(Lorg/jetbrains/kotlin/psi/KtExpression;Lorg/jetbrains/kotlin/types/expressions/ExpressionTypingContext;Lorg/jetbrains/kotlin/types/expressions/CoercionStrategy;Lorg/jetbrains/kotlin/types/expressions/ExpressionTypingInternals;)Lorg/jetbrains/kotlin/types/expressions/KotlinTypeInfo;+196
j  org.jetbrains.kotlin.types.expressions.ExpressionTypingServices.getBlockReturnedTypeWithWritableScope(Lorg/jetbrains/kotlin/resolve/scopes/LexicalWritableScope;Ljava/util/List;Lorg/jetbrains/kotlin/types/expressions/CoercionStrategy;Lorg/jetbrains/kotlin/types/expressions/ExpressionTypingContext;)Lorg/jetbrains/kotlin/types/expressions/KotlinTypeInfo;+226
j  org.jetbrains.kotlin.types.expressions.ExpressionTypingServices.getBlockReturnedType(Lorg/jetbrains/kotlin/psi/KtBlockExpression;Lorg/jetbrains/kotlin/types/expressions/CoercionStrategy;Lorg/jetbrains/kotlin/types/expressions/ExpressionTypingContext;)Lorg/jetbrains/kotlin/types/expressions/KotlinTypeInfo;+143
j  org.jetbrains.kotlin.types.expressions.ExpressionTypingServices.getBlockReturnedType(Lorg/jetbrains/kotlin/psi/KtBlockExpression;Lorg/jetbrains/kotlin/types/expressions/ExpressionTypingContext;Z)Lorg/jetbrains/kotlin/types/expressions/KotlinTypeInfo;+16
j  org.jetbrains.kotlin.types.expressions.ExpressionTypingVisitorForStatements.visitBlockExpression(Lorg/jetbrains/kotlin/psi/KtBlockExpression;Lorg/jetbrains/kotlin/types/expressions/ExpressionTypingContext;)Lorg/jetbrains/kotlin/types/expressions/KotlinTypeInfo;+19
j  org.jetbrains.kotlin.types.expressions.ExpressionTypingVisitorForStatements.visitBlockExpression(Lorg/jetbrains/kotlin/psi/KtBlockExpression;Ljava/lang/Object;)Ljava/lang/Object;+6
j  org.jetbrains.kotlin.psi.KtBlockExpression.accept(Lorg/jetbrains/kotlin/psi/KtVisitor;Ljava/lang/Object;)Ljava/lang/Object;+11
J 7851 C1 org.jetbrains.kotlin.types.expressions.ExpressionTypingVisitorDispatcher.lambda$getTypeInfo$0(Lorg/jetbrains/kotlin/psi/KtExpression;Lorg/jetbrains/kotlin/types/expressions/ExpressionTypingContext;Lorg/jetbrains/kotlin/psi/KtVisitor;)Lorg/jetbrains/kotlin/types/expressions/KotlinTypeInfo; (361 bytes) @ 0x00000000048d4234 [0x00000000048d3f00+0x334]
J 7850 C1 org.jetbrains.kotlin.types.expressions.ExpressionTypingVisitorDispatcher$$Lambda$232.invoke()Ljava/lang/Object; (20 bytes) @ 0x00000000048bb524 [0x00000000048bb480+0xa4]
J 5406 C1 org.jetbrains.kotlin.util.PerformanceCounter.time(Lkotlin/jvm/functions/Function0;)Ljava/lang/Object; (215 bytes) @ 0x0000000003e45f7c [0x0000000003e44600+0x197c]
J 6859 C1 org.jetbrains.kotlin.types.expressions.ExpressionTypingVisitorDispatcher.getTypeInfo(Lorg/jetbrains/kotlin/psi/KtExpression;Lorg/jetbrains/kotlin/types/expressions/ExpressionTypingContext;Lorg/jetbrains/kotlin/psi/KtVisitor;)Lorg/jetbrains/kotlin/types/expressions/KotlinTypeInfo; (40 bytes) @ 0x00000000043df4dc [0x00000000043deb20+0x9bc]
J 8514 C1 org.jetbrains.kotlin.types.expressions.ExpressionTypingVisitorDispatcher.getTypeInfo(Lorg/jetbrains/kotlin/psi/KtExpression;Lorg/jetbrains/kotlin/types/expressions/ExpressionTypingContext;Z)Lorg/jetbrains/kotlin/types/expressions/KotlinTypeInfo; (52 bytes) @ 0x000000000309da64 [0x000000000309d740+0x324]
j  org.jetbrains.kotlin.types.expressions.ExpressionTypingServices.getTypeOfLastExpressionInBlock(Lorg/jetbrains/kotlin/psi/KtExpression;Lorg/jetbrains/kotlin/types/expressions/ExpressionTypingContext;Lorg/jetbrains/kotlin/types/expressions/CoercionStrategy;Lorg/jetbrains/kotlin/types/expressions/ExpressionTypingInternals;)Lorg/jetbrains/kotlin/types/expressions/KotlinTypeInfo;+196
j  org.jetbrains.kotlin.types.expressions.ExpressionTypingServices.getBlockReturnedTypeWithWritableScope(Lorg/jetbrains/kotlin/resolve/scopes/LexicalWritableScope;Ljava/util/List;Lorg/jetbrains/kotlin/types/expressions/CoercionStrategy;Lorg/jetbrains/kotlin/types/expressions/ExpressionTypingContext;)Lorg/jetbrains/kotlin/types/expressions/KotlinTypeInfo;+226
j  org.jetbrains.kotlin.types.expressions.ControlStructureTypingVisitor.getTypeInfoWhenOnlyOneBranchIsPresent(Lorg/jetbrains/kotlin/psi/KtExpression;Lorg/jetbrains/kotlin/resolve/scopes/LexicalWritableScope;Lorg/jetbrains/kotlin/resolve/calls/smartcasts/DataFlowInfo;Lorg/jetbrains/kotlin/resolve/calls/smartcasts/DataFlowInfo;Lorg/jetbrains/kotlin/types/expressions/ExpressionTypingContext;Lorg/jetbrains/kotlin/psi/KtIfExpression;)Lorg/jetbrains/kotlin/types/expressions/KotlinTypeInfo;+103
j  org.jetbrains.kotlin.types.expressions.ControlStructureTypingVisitor.visitIfExpression(Lorg/jetbrains/kotlin/psi/KtIfExpression;Lorg/jetbrains/kotlin/types/expressions/ExpressionTypingContext;)Lorg/jetbrains/kotlin/types/expressions/KotlinTypeInfo;+150
j  org.jetbrains.kotlin.types.expressions.ExpressionTypingVisitorForStatements.visitIfExpression(Lorg/jetbrains/kotlin/psi/KtIfExpression;Lorg/jetbrains/kotlin/types/expressions/ExpressionTypingContext;)Lorg/jetbrains/kotlin/types/expressions/KotlinTypeInfo;+15
j  org.jetbrains.kotlin.types.expressions.ExpressionTypingVisitorForStatements.visitIfExpression(Lorg/jetbrains/kotlin/psi/KtIfExpression;Ljava/lang/Object;)Ljava/lang/Object;+6
j  org.jetbrains.kotlin.psi.KtIfExpression.accept(Lorg/jetbrains/kotlin/psi/KtVisitor;Ljava/lang/Object;)Ljava/lang/Object;+11
J 7851 C1 org.jetbrains.kotlin.types.expressions.ExpressionTypingVisitorDispatcher.lambda$getTypeInfo$0(Lorg/jetbrains/kotlin/psi/KtExpression;Lorg/jetbrains/kotlin/types/expressions/ExpressionTypingContext;Lorg/jetbrains/kotlin/psi/KtVisitor;)Lorg/jetbrains/kotlin/types/expressions/KotlinTypeInfo; (361 bytes) @ 0x00000000048d4234 [0x00000000048d3f00+0x334]
J 7850 C1 org.jetbrains.kotlin.types.expressions.ExpressionTypingVisitorDispatcher$$Lambda$232.invoke()Ljava/lang/Object; (20 bytes) @ 0x00000000048bb524 [0x00000000048bb480+0xa4]
J 5406 C1 org.jetbrains.kotlin.util.PerformanceCounter.time(Lkotlin/jvm/functions/Function0;)Ljava/lang/Object; (215 bytes) @ 0x0000000003e45f7c [0x0000000003e44600+0x197c]
J 6859 C1 org.jetbrains.kotlin.types.expressions.ExpressionTypingVisitorDispatcher.getTypeInfo(Lorg/jetbrains/kotlin/psi/KtExpression;Lorg/jetbrains/kotlin/types/expressions/ExpressionTypingContext;Lorg/jetbrains/kotlin/psi/KtVisitor;)Lorg/jetbrains/kotlin/types/expressions/KotlinTypeInfo; (40 bytes) @ 0x00000000043df4dc [0x00000000043deb20+0x9bc]
J 8514 C1 org.jetbrains.kotlin.types.expressions.ExpressionTypingVisitorDispatcher.getTypeInfo(Lorg/jetbrains/kotlin/psi/KtExpression;Lorg/jetbrains/kotlin/types/expressions/ExpressionTypingContext;Z)Lorg/jetbrains/kotlin/types/expressions/KotlinTypeInfo; (52 bytes) @ 0x000000000309da64 [0x000000000309d740+0x324]
j  org.jetbrains.kotlin.types.expressions.ExpressionTypingServices.getTypeOfLastExpressionInBlock(Lorg/jetbrains/kotlin/psi/KtExpression;Lorg/jetbrains/kotlin/types/expressions/ExpressionTypingContext;Lorg/jetbrains/kotlin/types/expressions/CoercionStrategy;Lorg/jetbrains/kotlin/types/expressions/ExpressionTypingInternals;)Lorg/jetbrains/kotlin/types/expressions/KotlinTypeInfo;+196
j  org.jetbrains.kotlin.types.expressions.ExpressionTypingServices.getBlockReturnedTypeWithWritableScope(Lorg/jetbrains/kotlin/resolve/scopes/LexicalWritableScope;Ljava/util/List;Lorg/jetbrains/kotlin/types/expressions/CoercionStrategy;Lorg/jetbrains/kotlin/types/expressions/ExpressionTypingContext;)Lorg/jetbrains/kotlin/types/expressions/KotlinTypeInfo;+226
j  org.jetbrains.kotlin.types.expressions.ExpressionTypingServices.getBlockReturnedType(Lorg/jetbrains/kotlin/psi/KtBlockExpression;Lorg/jetbrains/kotlin/types/expressions/CoercionStrategy;Lorg/jetbrains/kotlin/types/expressions/ExpressionTypingContext;)Lorg/jetbrains/kotlin/types/expressions/KotlinTypeInfo;+143
j  org.jetbrains.kotlin.types.expressions.ExpressionTypingServices.getBlockReturnedType(Lorg/jetbrains/kotlin/psi/KtBlockExpression;Lorg/jetbrains/kotlin/types/expressions/ExpressionTypingContext;Z)Lorg/jetbrains/kotlin/types/expressions/KotlinTypeInfo;+16
j  org.jetbrains.kotlin.types.expressions.ExpressionTypingVisitorForStatements.visitBlockExpression(Lorg/jetbrains/kotlin/psi/KtBlockExpression;Lorg/jetbrains/kotlin/types/expressions/ExpressionTypingContext;)Lorg/jetbrains/kotlin/types/expressions/KotlinTypeInfo;+19
j  org.jetbrains.kotlin.types.expressions.ExpressionTypingVisitorForStatements.visitBlockExpression(Lorg/jetbrains/kotlin/psi/KtBlockExpression;Ljava/lang/Object;)Ljava/lang/Object;+6
j  org.jetbrains.kotlin.psi.KtBlockExpression.accept(Lorg/jetbrains/kotlin/psi/KtVisitor;Ljava/lang/Object;)Ljava/lang/Object;+11
J 7851 C1 org.jetbrains.kotlin.types.expressions.ExpressionTypingVisitorDispatcher.lambda$getTypeInfo$0(Lorg/jetbrains/kotlin/psi/KtExpression;Lorg/jetbrains/kotlin/types/expressions/ExpressionTypingContext;Lorg/jetbrains/kotlin/psi/KtVisitor;)Lorg/jetbrains/kotlin/types/expressions/KotlinTypeInfo; (361 bytes) @ 0x00000000048d4234 [0x00000000048d3f00+0x334]
J 7850 C1 org.jetbrains.kotlin.types.expressions.ExpressionTypingVisitorDispatcher$$Lambda$232.invoke()Ljava/lang/Object; (20 bytes) @ 0x00000000048bb524 [0x00000000048bb480+0xa4]
J 5406 C1 org.jetbrains.kotlin.util.PerformanceCounter.time(Lkotlin/jvm/functions/Function0;)Ljava/lang/Object; (215 bytes) @ 0x0000000003e45f7c [0x0000000003e44600+0x197c]
J 6859 C1 org.jetbrains.kotlin.types.expressions.ExpressionTypingVisitorDispatcher.getTypeInfo(Lorg/jetbrains/kotlin/psi/KtExpression;Lorg/jetbrains/kotlin/types/expressions/ExpressionTypingContext;Lorg/jetbrains/kotlin/psi/KtVisitor;)Lorg/jetbrains/kotlin/types/expressions/KotlinTypeInfo; (40 bytes) @ 0x00000000043df4dc [0x00000000043deb20+0x9bc]
J 8514 C1 org.jetbrains.kotlin.types.expressions.ExpressionTypingVisitorDispatcher.getTypeInfo(Lorg/jetbrains/kotlin/psi/KtExpression;Lorg/jetbrains/kotlin/types/expressions/ExpressionTypingContext;Z)Lorg/jetbrains/kotlin/types/expressions/KotlinTypeInfo; (52 bytes) @ 0x000000000309da64 [0x000000000309d740+0x324]
j  org.jetbrains.kotlin.types.expressions.ExpressionTypingServices.checkFunctionReturnType(Lorg/jetbrains/kotlin/psi/KtDeclarationWithBody;Lorg/jetbrains/kotlin/types/expressions/ExpressionTypingContext;)V+50
j  org.jetbrains.kotlin.types.expressions.ExpressionTypingServices.checkFunctionReturnType(Lorg/jetbrains/kotlin/resolve/scopes/LexicalScope;Lorg/jetbrains/kotlin/psi/KtDeclarationWithBody;Lorg/jetbrains/kotlin/descriptors/FunctionDescriptor;Lorg/jetbrains/kotlin/resolve/calls/smartcasts/DataFlowInfo;Lorg/jetbrains/kotlin/types/KotlinType;Lorg/jetbrains/kotlin/resolve/BindingTrace;Lorg/jetbrains/kotlin/types/expressions/ExpressionTypingContext;)V+130
j  org.jetbrains.kotlin.resolve.BodyResolver.resolveFunctionBody(Lorg/jetbrains/kotlin/resolve/calls/smartcasts/DataFlowInfo;Lorg/jetbrains/kotlin/resolve/BindingTrace;Lorg/jetbrains/kotlin/psi/KtDeclarationWithBody;Lorg/jetbrains/kotlin/descriptors/FunctionDescriptor;Lorg/jetbrains/kotlin/resolve/scopes/LexicalScope;Lkotlin/jvm/functions/Function1;Lkotlin/jvm/functions/Function1;Lorg/jetbrains/kotlin/types/expressions/ExpressionTypingContext;)V+344
j  org.jetbrains.kotlin.resolve.BodyResolver.resolveFunctionBody(Lorg/jetbrains/kotlin/resolve/calls/smartcasts/DataFlowInfo;Lorg/jetbrains/kotlin/resolve/BindingTrace;Lorg/jetbrains/kotlin/psi/KtDeclarationWithBody;Lorg/jetbrains/kotlin/descriptors/FunctionDescriptor;Lorg/jetbrains/kotlin/resolve/scopes/LexicalScope;Lorg/jetbrains/kotlin/types/expressions/ExpressionTypingContext;)V+69
j  org.jetbrains.kotlin.resolve.BodyResolver.resolveFunctionBodies(Lorg/jetbrains/kotlin/resolve/BodiesResolveContext;)V+198
j  org.jetbrains.kotlin.resolve.BodyResolver.resolveBehaviorDeclarationBodies(Lorg/jetbrains/kotlin/resolve/BodiesResolveContext;)V+36
j  org.jetbrains.kotlin.resolve.BodyResolver.resolveBodies(Lorg/jetbrains/kotlin/resolve/BodiesResolveContext;)V+11
j  org.jetbrains.kotlin.resolve.LazyTopDownAnalyzer.analyzeDeclarations(Lorg/jetbrains/kotlin/resolve/TopDownAnalysisMode;Ljava/util/Collection;Lorg/jetbrains/kotlin/resolve/calls/smartcasts/DataFlowInfo;Lorg/jetbrains/kotlin/types/expressions/ExpressionTypingContext;)Lorg/jetbrains/kotlin/resolve/TopDownAnalysisContext;+319
j  org.jetbrains.kotlin.resolve.LazyTopDownAnalyzer.analyzeDeclarations$default(Lorg/jetbrains/kotlin/resolve/LazyTopDownAnalyzer;Lorg/jetbrains/kotlin/resolve/TopDownAnalysisMode;Ljava/util/Collection;Lorg/jetbrains/kotlin/resolve/calls/smartcasts/DataFlowInfo;Lorg/jetbrains/kotlin/types/expressions/ExpressionTypingContext;ILjava/lang/Object;)Lorg/jetbrains/kotlin/resolve/TopDownAnalysisContext;+31
j  org.jetbrains.kotlin.cli.jvm.compiler.TopDownAnalyzerFacadeForJVM.analyzeFilesWithJavaIntegration(Lorg/jetbrains/kotlin/com/intellij/openapi/project/Project;Ljava/util/Collection;Lorg/jetbrains/kotlin/resolve/BindingTrace;Lorg/jetbrains/kotlin/config/CompilerConfiguration;Lkotlin/jvm/functions/Function1;Lkotlin/jvm/functions/Function2;Lorg/jetbrains/kotlin/com/intellij/psi/search/GlobalSearchScope;Ljava/util/List;Ljava/util/List;Ljava/util/List;)Lorg/jetbrains/kotlin/analyzer/AnalysisResult;+278
j  org.jetbrains.kotlin.cli.jvm.compiler.TopDownAnalyzerFacadeForJVM.analyzeFilesWithJavaIntegration$default(Lorg/jetbrains/kotlin/com/intellij/openapi/project/Project;Ljava/util/Collection;Lorg/jetbrains/kotlin/resolve/BindingTrace;Lorg/jetbrains/kotlin/config/CompilerConfiguration;Lkotlin/jvm/functions/Function1;Lkotlin/jvm/functions/Function2;Lorg/jetbrains/kotlin/com/intellij/psi/search/GlobalSearchScope;Ljava/util/List;Ljava/util/List;Ljava/util/List;ILjava/lang/Object;)Lorg/jetbrains/kotlin/analyzer/AnalysisResult;+92
j  org.jetbrains.kotlin.cli.jvm.compiler.KotlinToJVMBytecodeCompiler$analyze$1.invoke()Lorg/jetbrains/kotlin/analyzer/AnalysisResult;+285
j  org.jetbrains.kotlin.cli.jvm.compiler.KotlinToJVMBytecodeCompiler$analyze$1.invoke()Ljava/lang/Object;+1
j  org.jetbrains.kotlin.cli.common.messages.AnalyzerWithCompilerReport.analyzeAndReport(Ljava/util/Collection;Lkotlin/jvm/functions/Function0;)V+16
j  org.jetbrains.kotlin.cli.jvm.compiler.KotlinToJVMBytecodeCompiler.analyze(Lorg/jetbrains/kotlin/cli/jvm/compiler/KotlinCoreEnvironment;)Lorg/jetbrains/kotlin/analyzer/AnalysisResult;+146
j  org.jetbrains.kotlin.cli.jvm.compiler.KotlinToJVMBytecodeCompiler.compileModules$cli(Lorg/jetbrains/kotlin/cli/jvm/compiler/KotlinCoreEnvironment;Ljava/io/File;Ljava/util/List;Z)Z+420
j  org.jetbrains.kotlin.cli.jvm.compiler.KotlinToJVMBytecodeCompiler.compileModules$cli$default(Lorg/jetbrains/kotlin/cli/jvm/compiler/KotlinToJVMBytecodeCompiler;Lorg/jetbrains/kotlin/cli/jvm/compiler/KotlinCoreEnvironment;Ljava/io/File;Ljava/util/List;ZILjava/lang/Object;)Z+17
j  org.jetbrains.kotlin.cli.jvm.K2JVMCompiler.doExecute(Lorg/jetbrains/kotlin/cli/common/arguments/K2JVMCompilerArguments;Lorg/jetbrains/kotlin/config/CompilerConfiguration;Lorg/jetbrains/kotlin/com/intellij/openapi/Disposable;Lorg/jetbrains/kotlin/utils/KotlinPaths;)Lorg/jetbrains/kotlin/cli/common/ExitCode;+1235
j  org.jetbrains.kotlin.cli.jvm.K2JVMCompiler.doExecute(Lorg/jetbrains/kotlin/cli/common/arguments/CommonCompilerArguments;Lorg/jetbrains/kotlin/config/CompilerConfiguration;Lorg/jetbrains/kotlin/com/intellij/openapi/Disposable;Lorg/jetbrains/kotlin/utils/KotlinPaths;)Lorg/jetbrains/kotlin/cli/common/ExitCode;+9
j  org.jetbrains.kotlin.cli.common.CLICompiler.execImpl(Lorg/jetbrains/kotlin/cli/common/messages/MessageCollector;Lorg/jetbrains/kotlin/config/Services;Lorg/jetbrains/kotlin/cli/common/arguments/CommonCompilerArguments;)Lorg/jetbrains/kotlin/cli/common/ExitCode;+219
j  org.jetbrains.kotlin.cli.common.CLICompiler.execImpl(Lorg/jetbrains/kotlin/cli/common/messages/MessageCollector;Lorg/jetbrains/kotlin/config/Services;Lorg/jetbrains/kotlin/cli/common/arguments/CommonToolArguments;)Lorg/jetbrains/kotlin/cli/common/ExitCode;+7
j  org.jetbrains.kotlin.cli.common.CLITool.exec(Lorg/jetbrains/kotlin/cli/common/messages/MessageCollector;Lorg/jetbrains/kotlin/config/Services;Lorg/jetbrains/kotlin/cli/common/arguments/CommonToolArguments;)Lorg/jetbrains/kotlin/cli/common/ExitCode;+76
j  org.jetbrains.kotlin.cli.common.CLITool.exec(Ljava/io/PrintStream;Lorg/jetbrains/kotlin/config/Services;Lorg/jetbrains/kotlin/cli/common/messages/MessageRenderer;[Ljava/lang/String;)Lorg/jetbrains/kotlin/cli/common/ExitCode;+209
j  org.jetbrains.kotlin.cli.common.CLITool.exec(Ljava/io/PrintStream;Lorg/jetbrains/kotlin/cli/common/messages/MessageRenderer;[Ljava/lang/String;)Lorg/jetbrains/kotlin/cli/common/ExitCode;+25
j  org.jetbrains.kotlin.cli.common.CLITool$Companion.doMainNoExit(Lorg/jetbrains/kotlin/cli/common/CLITool;[Ljava/lang/String;Lorg/jetbrains/kotlin/cli/common/messages/MessageRenderer;)Lorg/jetbrains/kotlin/cli/common/ExitCode;+39
j  org.jetbrains.kotlin.cli.common.CLITool$Companion.doMainNoExit$default(Lorg/jetbrains/kotlin/cli/common/CLITool$Companion;Lorg/jetbrains/kotlin/cli/common/CLITool;[Ljava/lang/String;Lorg/jetbrains/kotlin/cli/common/messages/MessageRenderer;ILjava/lang/Object;)Lorg/jetbrains/kotlin/cli/common/ExitCode;+16
j  org.jetbrains.kotlin.cli.common.CLITool$Companion.doMain(Lorg/jetbrains/kotlin/cli/common/CLITool;[Ljava/lang/String;)V+57
j  org.jetbrains.kotlin.cli.jvm.K2JVMCompiler$Companion.main([Ljava/lang/String;)V+20
j  org.jetbrains.kotlin.cli.jvm.K2JVMCompiler.main([Ljava/lang/String;)V+4
v  ~StubRoutines::call_stub

---------------  P R O C E S S  ---------------

Java Threads: ( => current thread )
  0x000000001d9ed800 JavaThread "Service Thread" daemon [_thread_blocked, id=6732, stack(0x000000001f2d0000,0x000000001f3d0000)]
  0x000000001d968800 JavaThread "C1 CompilerThread3" daemon [_thread_blocked, id=5228, stack(0x000000001f1d0000,0x000000001f2d0000)]
  0x000000001d966800 JavaThread "C2 CompilerThread2" daemon [_thread_in_native, id=13476, stack(0x000000001f0d0000,0x000000001f1d0000)]
  0x000000001d908000 JavaThread "C2 CompilerThread1" daemon [_thread_in_vm, id=6360, stack(0x000000001efd0000,0x000000001f0d0000)]
  0x000000001d903000 JavaThread "C2 CompilerThread0" daemon [_thread_in_native, id=3280, stack(0x000000001eed0000,0x000000001efd0000)]
  0x000000001d961800 JavaThread "Attach Listener" daemon [_thread_blocked, id=5784, stack(0x000000001edd0000,0x000000001eed0000)]
  0x000000001d961000 JavaThread "Signal Dispatcher" daemon [_thread_blocked, id=11556, stack(0x000000001ecd0000,0x000000001edd0000)]
  0x0000000002b0c000 JavaThread "Finalizer" daemon [_thread_blocked, id=7268, stack(0x000000001eb40000,0x000000001ec40000)]
  0x000000001c21d800 JavaThread "Reference Handler" daemon [_thread_blocked, id=11268, stack(0x000000001ea40000,0x000000001eb40000)]
=>0x00000000003ce800 JavaThread "main" [_thread_in_vm, id=10556, stack(0x0000000002910000,0x0000000002a10000)]

Other Threads:
  0x000000001c217800 VMThread [stack: 0x000000001e940000,0x000000001ea40000] [id=9560]
  0x000000001da04000 WatcherThread [stack: 0x000000001f3d0000,0x000000001f4d0000] [id=5232]

VM state:not at safepoint (normal execution)

VM Mutex/Monitor currently owned by a thread: None

heap address: 0x00000006ca400000, size: 3932 MB, Compressed Oops mode: Zero based, Oop shift amount: 3
Narrow klass base: 0x0000000000000000, Narrow klass shift: 3
Compressed class space size: 1073741824 Address: 0x00000007c0000000

Heap:
 PSYoungGen      total 156160K, used 75416K [0x000000076e180000, 0x000000077b380000, 0x00000007c0000000)
  eden space 131584K, 38% used [0x000000076e180000,0x0000000771329600,0x0000000776200000)
  from space 24576K, 99% used [0x0000000776200000,0x00000007779fcd78,0x0000000777a00000)
  to   space 28160K, 0% used [0x0000000779800000,0x0000000779800000,0x000000077b380000)
 ParOldGen       total 220672K, used 47084K [0x00000006ca400000, 0x00000006d7b80000, 0x000000076e180000)
  object space 220672K, 21% used [0x00000006ca400000,0x00000006cd1fb128,0x00000006d7b80000)
 Metaspace       used 56297K, capacity 57521K, committed 57768K, reserved 1099776K
  class space    used 6720K, capacity 7053K, committed 7088K, reserved 1048576K

Card table byte_map: [0x0000000011ed0000,0x0000000012680000] byte_map_base: 0x000000000e87e000

Marking Bits: (ParMarkBitMap*) 0x000000005ffd5ce0
 Begin Bits: [0x00000000135a0000, 0x0000000017310000)
 End Bits:   [0x0000000017310000, 0x000000001b080000)

Polling page: 0x00000000003f0000

CodeCache: size=245760Kb used=36660Kb max_used=37931Kb free=209099Kb
 bounds [0x0000000002b10000, 0x0000000005050000, 0x0000000011b10000]
 total_blobs=8450 nmethods=7905 adapters=456
 compilation: enabled

Compilation events (10 events):
Event: 13.926 Thread 0x000000001d966800 nmethod 8711 0x0000000003fbf090 code [0x0000000003fc0180, 0x0000000003fcb768]
Event: 13.926 Thread 0x000000001d966800 9021       4       org.jetbrains.kotlin.com.intellij.lang.impl.PsiBuilderImpl::insertLeaves (88 bytes)
Event: 13.935 Thread 0x000000001d903000 nmethod 9020 0x00000000036d8e90 code [0x00000000036d9000, 0x00000000036d95e8]
Event: 13.935 Thread 0x000000001d903000 9022       4       org.jetbrains.kotlin.com.intellij.lang.impl.PsiBuilderImpl::createLeaf (155 bytes)
Event: 13.949 Thread 0x000000001d968800 9024       3       org.jetbrains.kotlin.com.intellij.lang.impl.PsiBuilderImpl::bind (300 bytes)
Event: 13.952 Thread 0x000000001d968800 nmethod 9024 0x0000000003a4e5d0 code [0x0000000003a4e8e0, 0x0000000003a502c8]
Event: 13.958 Thread 0x000000001d968800 9028       3       org.jetbrains.kotlin.com.intellij.psi.impl.source.tree.JavaASTFactory::createLeaf (135 bytes)
Event: 13.961 Thread 0x000000001d968800 nmethod 9028 0x0000000003f94d10 code [0x0000000003f950c0, 0x0000000003f96c48]
Event: 13.982 Thread 0x000000001d968800 9029       3       java.lang.invoke.MethodHandles$Lookup::resolveOrFail (39 bytes)
Event: 13.983 Thread 0x000000001d968800 nmethod 9029 0x0000000002d23e10 code [0x0000000002d24020, 0x0000000002d24e68]

GC Heap History (10 events):
Event: 4.172 GC heap before
{Heap before GC invocations=5 (full 1):
 PSYoungGen      total 73728K, used 73702K [0x000000076e180000, 0x0000000774e80000, 0x00000007c0000000)
  eden space 63488K, 100% used [0x000000076e180000,0x0000000771f80000,0x0000000771f80000)
  from space 10240K, 99% used [0x0000000771f80000,0x0000000772979828,0x0000000772980000)
  to   space 10240K, 0% used [0x0000000774480000,0x0000000774480000,0x0000000774e80000)
 ParOldGen       total 121344K, used 18945K [0x00000006ca400000, 0x00000006d1a80000, 0x000000076e180000)
  object space 121344K, 15% used [0x00000006ca400000,0x00000006cb680620,0x00000006d1a80000)
 Metaspace       used 26966K, capacity 27631K, committed 27824K, reserved 1073152K
  class space    used 3702K, capacity 3905K, committed 4016K, reserved 1048576K
Event: 4.192 GC heap after
Heap after GC invocations=5 (full 1):
 PSYoungGen      total 101376K, used 10236K [0x000000076e180000, 0x0000000775300000, 0x00000007c0000000)
  eden space 91136K, 0% used [0x000000076e180000,0x000000076e180000,0x0000000773a80000)
  from space 10240K, 99% used [0x0000000774480000,0x0000000774e7f178,0x0000000774e80000)
  to   space 10240K, 0% used [0x0000000773a80000,0x0000000773a80000,0x0000000774480000)
 ParOldGen       total 121344K, used 28726K [0x00000006ca400000, 0x00000006d1a80000, 0x000000076e180000)
  object space 121344K, 23% used [0x00000006ca400000,0x00000006cc00db88,0x00000006d1a80000)
 Metaspace       used 26966K, capacity 27631K, committed 27824K, reserved 1073152K
  class space    used 3702K, capacity 3905K, committed 4016K, reserved 1048576K
}
Event: 5.295 GC heap before
{Heap before GC invocations=6 (full 1):
 PSYoungGen      total 101376K, used 61485K [0x000000076e180000, 0x0000000775300000, 0x00000007c0000000)
  eden space 91136K, 56% used [0x000000076e180000,0x000000077138c3f8,0x0000000773a80000)
  from space 10240K, 99% used [0x0000000774480000,0x0000000774e7f178,0x0000000774e80000)
  to   space 10240K, 0% used [0x0000000773a80000,0x0000000773a80000,0x0000000774480000)
 ParOldGen       total 121344K, used 28726K [0x00000006ca400000, 0x00000006d1a80000, 0x000000076e180000)
  object space 121344K, 23% used [0x00000006ca400000,0x00000006cc00db88,0x00000006d1a80000)
 Metaspace       used 34547K, capacity 35171K, committed 35496K, reserved 1079296K
  class space    used 4476K, capacity 4681K, committed 4784K, reserved 1048576K
Event: 5.314 GC heap after
Heap after GC invocations=6 (full 1):
 PSYoungGen      total 101376K, used 10232K [0x000000076e180000, 0x0000000779800000, 0x00000007c0000000)
  eden space 91136K, 0% used [0x000000076e180000,0x000000076e180000,0x0000000773a80000)
  from space 10240K, 99% used [0x0000000773a80000,0x000000077447e2c8,0x0000000774480000)
  to   space 25088K, 0% used [0x0000000777f80000,0x0000000777f80000,0x0000000779800000)
 ParOldGen       total 121344K, used 41845K [0x00000006ca400000, 0x00000006d1a80000, 0x000000076e180000)
  object space 121344K, 34% used [0x00000006ca400000,0x00000006cccdd468,0x00000006d1a80000)
 Metaspace       used 34547K, capacity 35171K, committed 35496K, reserved 1079296K
  class space    used 4476K, capacity 4681K, committed 4784K, reserved 1048576K
}
Event: 5.314 GC heap before
{Heap before GC invocations=7 (full 2):
 PSYoungGen      total 101376K, used 10232K [0x000000076e180000, 0x0000000779800000, 0x00000007c0000000)
  eden space 91136K, 0% used [0x000000076e180000,0x000000076e180000,0x0000000773a80000)
  from space 10240K, 99% used [0x0000000773a80000,0x000000077447e2c8,0x0000000774480000)
  to   space 25088K, 0% used [0x0000000777f80000,0x0000000777f80000,0x0000000779800000)
 ParOldGen       total 121344K, used 41845K [0x00000006ca400000, 0x00000006d1a80000, 0x000000076e180000)
  object space 121344K, 34% used [0x00000006ca400000,0x00000006cccdd468,0x00000006d1a80000)
 Metaspace       used 34547K, capacity 35171K, committed 35496K, reserved 1079296K
  class space    used 4476K, capacity 4681K, committed 4784K, reserved 1048576K
Event: 5.439 GC heap after
Heap after GC invocations=7 (full 2):
 PSYoungGen      total 101376K, used 0K [0x000000076e180000, 0x0000000779800000, 0x00000007c0000000)
  eden space 91136K, 0% used [0x000000076e180000,0x000000076e180000,0x0000000773a80000)
  from space 10240K, 0% used [0x0000000773a80000,0x0000000773a80000,0x0000000774480000)
  to   space 25088K, 0% used [0x0000000777f80000,0x0000000777f80000,0x0000000779800000)
 ParOldGen       total 220672K, used 44544K [0x00000006ca400000, 0x00000006d7b80000, 0x000000076e180000)
  object space 220672K, 20% used [0x00000006ca400000,0x00000006ccf80088,0x00000006d7b80000)
 Metaspace       used 34547K, capacity 35171K, committed 35496K, reserved 1079296K
  class space    used 4476K, capacity 4681K, committed 4784K, reserved 1048576K
}
Event: 7.543 GC heap before
{Heap before GC invocations=8 (full 2):
 PSYoungGen      total 101376K, used 91136K [0x000000076e180000, 0x0000000779800000, 0x00000007c0000000)
  eden space 91136K, 100% used [0x000000076e180000,0x0000000773a80000,0x0000000773a80000)
  from space 10240K, 0% used [0x0000000773a80000,0x0000000773a80000,0x0000000774480000)
  to   space 25088K, 0% used [0x0000000777f80000,0x0000000777f80000,0x0000000779800000)
 ParOldGen       total 220672K, used 44544K [0x00000006ca400000, 0x00000006d7b80000, 0x000000076e180000)
  object space 220672K, 20% used [0x00000006ca400000,0x00000006ccf80088,0x00000006d7b80000)
 Metaspace       used 47085K, capacity 48091K, committed 48552K, reserved 1091584K
  class space    used 5967K, capacity 6250K, committed 6320K, reserved 1048576K
Event: 7.562 GC heap after
Heap after GC invocations=8 (full 2):
 PSYoungGen      total 140800K, used 18496K [0x000000076e180000, 0x0000000779200000, 0x00000007c0000000)
  eden space 121856K, 0% used [0x000000076e180000,0x000000076e180000,0x0000000775880000)
  from space 18944K, 97% used [0x0000000777f80000,0x00000007791903d0,0x0000000779200000)
  to   space 24576K, 0% used [0x0000000776200000,0x0000000776200000,0x0000000777a00000)
 ParOldGen       total 220672K, used 44552K [0x00000006ca400000, 0x00000006d7b80000, 0x000000076e180000)
  object space 220672K, 20% used [0x00000006ca400000,0x00000006ccf82088,0x00000006d7b80000)
 Metaspace       used 47085K, capacity 48091K, committed 48552K, reserved 1091584K
  class space    used 5967K, capacity 6250K, committed 6320K, reserved 1048576K
}
Event: 12.056 GC heap before
{Heap before GC invocations=9 (full 2):
 PSYoungGen      total 140800K, used 140352K [0x000000076e180000, 0x0000000779200000, 0x00000007c0000000)
  eden space 121856K, 100% used [0x000000076e180000,0x0000000775880000,0x0000000775880000)
  from space 18944K, 97% used [0x0000000777f80000,0x00000007791903d0,0x0000000779200000)
  to   space 24576K, 0% used [0x0000000776200000,0x0000000776200000,0x0000000777a00000)
 ParOldGen       total 220672K, used 44552K [0x00000006ca400000, 0x00000006d7b80000, 0x000000076e180000)
  object space 220672K, 20% used [0x00000006ca400000,0x00000006ccf82088,0x00000006d7b80000)
 Metaspace       used 54111K, capacity 55297K, committed 55464K, reserved 1097728K
  class space    used 6499K, capacity 6805K, committed 6832K, reserved 1048576K
Event: 12.088 GC heap after
Heap after GC invocations=9 (full 2):
 PSYoungGen      total 156160K, used 24563K [0x000000076e180000, 0x000000077b380000, 0x00000007c0000000)
  eden space 131584K, 0% used [0x000000076e180000,0x000000076e180000,0x0000000776200000)
  from space 24576K, 99% used [0x0000000776200000,0x00000007779fcd78,0x0000000777a00000)
  to   space 28160K, 0% used [0x0000000779800000,0x0000000779800000,0x000000077b380000)
 ParOldGen       total 220672K, used 47084K [0x00000006ca400000, 0x00000006d7b80000, 0x000000076e180000)
  object space 220672K, 21% used [0x00000006ca400000,0x00000006cd1fb128,0x00000006d7b80000)
 Metaspace       used 54111K, capacity 55297K, committed 55464K, reserved 1097728K
  class space    used 6499K, capacity 6805K, committed 6832K, reserved 1048576K
}

Deoptimization events (10 events):
Event: 13.958 Thread 0x00000000003ce800 Uncommon trap: reason=class_check action=maybe_recompile pc=0x0000000003536fb4 method=org.jetbrains.kotlin.com.intellij.psi.impl.source.tree.SharedImplUtil.findFileElement(Lorg/jetbrains/kotlin/com/intellij/lang/ASTNode;)Lorg/jetbrains/kotlin/com/intellij
Event: 13.958 Thread 0x00000000003ce800 Uncommon trap: reason=class_check action=maybe_recompile pc=0x000000000364f578 method=org.jetbrains.kotlin.com.intellij.psi.impl.source.tree.SharedImplUtil.findFileElement(Lorg/jetbrains/kotlin/com/intellij/lang/ASTNode;)Lorg/jetbrains/kotlin/com/intellij
Event: 13.958 Thread 0x00000000003ce800 Uncommon trap: reason=class_check action=maybe_recompile pc=0x000000000389577c method=org.jetbrains.kotlin.com.intellij.psi.impl.source.tree.CompositeElement.getPsi()Lorg/jetbrains/kotlin/com/intellij/psi/PsiElement; @ 15
Event: 13.973 Thread 0x00000000003ce800 Uncommon trap: reason=class_check action=maybe_recompile pc=0x0000000003fff1e0 method=org.jetbrains.kotlin.com.intellij.psi.impl.source.tree.CompositeElement.getFirstChildNode()Lorg/jetbrains/kotlin/com/intellij/lang/ASTNode; @ 1
Event: 13.973 Thread 0x00000000003ce800 Uncommon trap: reason=class_check action=maybe_recompile pc=0x0000000003fff1e0 method=org.jetbrains.kotlin.com.intellij.psi.impl.source.tree.CompositeElement.getFirstChildNode()Lorg/jetbrains/kotlin/com/intellij/lang/ASTNode; @ 1
Event: 13.974 Thread 0x00000000003ce800 Uncommon trap: reason=class_check action=maybe_recompile pc=0x0000000003fff1e0 method=org.jetbrains.kotlin.com.intellij.psi.impl.source.tree.CompositeElement.getFirstChildNode()Lorg/jetbrains/kotlin/com/intellij/lang/ASTNode; @ 1
Event: 13.974 Thread 0x00000000003ce800 Uncommon trap: reason=class_check action=maybe_recompile pc=0x0000000003fff1e0 method=org.jetbrains.kotlin.com.intellij.psi.impl.source.tree.CompositeElement.getFirstChildNode()Lorg/jetbrains/kotlin/com/intellij/lang/ASTNode; @ 1
Event: 13.974 Thread 0x00000000003ce800 Uncommon trap: reason=class_check action=maybe_recompile pc=0x000000000389577c method=org.jetbrains.kotlin.com.intellij.psi.impl.source.tree.CompositeElement.getPsi()Lorg/jetbrains/kotlin/com/intellij/psi/PsiElement; @ 15
Event: 13.977 Thread 0x00000000003ce800 Uncommon trap: reason=class_check action=maybe_recompile pc=0x000000000389577c method=org.jetbrains.kotlin.com.intellij.psi.impl.source.tree.CompositeElement.getPsi()Lorg/jetbrains/kotlin/com/intellij/psi/PsiElement; @ 15
Event: 13.980 Thread 0x00000000003ce800 Uncommon trap: reason=class_check action=maybe_recompile pc=0x00000000039d8220 method=org.jetbrains.kotlin.com.intellij.psi.impl.source.tree.SharedImplUtil.findFileElement(Lorg/jetbrains/kotlin/com/intellij/lang/ASTNode;)Lorg/jetbrains/kotlin/com/intellij

Classes redefined (0 events):
No events

Internal exceptions (10 events):
Event: 9.087 Thread 0x00000000003ce800 Implicit null exception at 0x0000000003cf1abb to 0x0000000003cf5f9d
Event: 9.136 Thread 0x00000000003ce800 Implicit null exception at 0x0000000003ddf6b9 to 0x0000000003ddf98f
Event: 9.995 Thread 0x00000000003ce800 Exception <a 'java/lang/IncompatibleClassChangeError': Found class java.lang.Object, but interface was expected> (0x00000007725e2c30) thrown at [C:\re\workspace\8-2-build-windows-amd64-cygwin\jdk8u211\12973\hotspot\src\share\vm\interpreter\linkResolver.cp
Event: 10.433 Thread 0x00000000003ce800 Implicit null exception at 0x0000000002d13a14 to 0x0000000002d13dcd
Event: 12.625 Thread 0x00000000003ce800 Implicit null exception at 0x0000000004c7c630 to 0x0000000004c7c695
Event: 13.855 Thread 0x00000000003ce800 Exception <a 'java/lang/NoSuchMethodError': java.lang.Object.lambda$static$0()Lorg/jetbrains/kotlin/com/intellij/lang/ASTNode;> (0x0000000770e92b78) thrown at [C:\re\workspace\8-2-build-windows-amd64-cygwin\jdk8u211\12973\hotspot\src\share\vm\interpreter\
Event: 13.856 Thread 0x00000000003ce800 Exception <a 'java/lang/NoSuchMethodError': java.lang.Object.lambda$static$1()Lorg/jetbrains/kotlin/com/intellij/lang/ASTNode;> (0x0000000770e96258) thrown at [C:\re\workspace\8-2-build-windows-amd64-cygwin\jdk8u211\12973\hotspot\src\share\vm\interpreter\
Event: 13.856 Thread 0x00000000003ce800 Exception <a 'java/lang/NoSuchMethodError': java.lang.Object.lambda$static$2()Lorg/jetbrains/kotlin/com/intellij/lang/ASTNode;> (0x0000000770e99830) thrown at [C:\re\workspace\8-2-build-windows-amd64-cygwin\jdk8u211\12973\hotspot\src\share\vm\interpreter\
Event: 13.857 Thread 0x00000000003ce800 Exception <a 'java/lang/NoSuchMethodError': java.lang.Object.lambda$static$3()Lorg/jetbrains/kotlin/com/intellij/lang/ASTNode;> (0x0000000770e9ce00) thrown at [C:\re\workspace\8-2-build-windows-amd64-cygwin\jdk8u211\12973\hotspot\src\share\vm\interpreter\
Event: 13.864 Thread 0x00000000003ce800 Implicit null exception at 0x000000000358ed7c to 0x000000000358f209

Events (10 events):
Event: 13.983 loading class org/jetbrains/kotlin/com/intellij/util/containers/ConcurrentWeakKeyWeakValueHashMap$WeakValue
Event: 13.983 loading class org/jetbrains/kotlin/com/intellij/util/containers/ConcurrentWeakKeyWeakValueHashMap$WeakValue done
Event: 13.983 Thread 0x000000001d968800 flushing nmethod 0x0000000002c46190
Event: 13.984 Thread 0x000000001d968800 flushing nmethod 0x0000000002cf8490
Event: 13.984 loading class org/jetbrains/kotlin/com/intellij/psi/PsiClassLevelDeclarationStatement
Event: 13.984 loading class org/jetbrains/kotlin/com/intellij/psi/PsiClassLevelDeclarationStatement done
Event: 13.985 loading class org/jetbrains/kotlin/com/intellij/psi/PsiClass
Event: 13.985 loading class org/jetbrains/kotlin/com/intellij/psi/PsiClass done
Event: 13.985 loading class org/jetbrains/kotlin/com/intellij/psi/impl/source/PsiExtensibleClass
Event: 13.985 loading class org/jetbrains/kotlin/com/intellij/psi/impl/source/PsiExtensibleClass done


Dynamic libraries:
0x00007ff688390000 - 0x00007ff6883c7000 	C:\Program Files\Java\jdk1.8.0_211\jre\bin\java.exe
0x00007ffaf15d0000 - 0x00007ffaf17c8000 	C:\Windows\SYSTEM32\ntdll.dll
0x00007ffaf0a20000 - 0x00007ffaf0add000 	C:\Windows\System32\KERNEL32.DLL
0x00007ffaeee70000 - 0x00007ffaef13e000 	C:\Windows\System32\KERNELBASE.dll
0x00007ffaefdc0000 - 0x00007ffaefe6e000 	C:\Windows\System32\ADVAPI32.dll
0x00007ffaf12a0000 - 0x00007ffaf133e000 	C:\Windows\System32\msvcrt.dll
0x00007ffaefce0000 - 0x00007ffaefd7c000 	C:\Windows\System32\sechost.dll
0x00007ffaf08f0000 - 0x00007ffaf0a15000 	C:\Windows\System32\RPCRT4.dll
0x00007ffaf1340000 - 0x00007ffaf14e0000 	C:\Windows\System32\USER32.dll
0x00007ffaeecf0000 - 0x00007ffaeed12000 	C:\Windows\System32\win32u.dll
0x00007ffaefd90000 - 0x00007ffaefdba000 	C:\Windows\System32\GDI32.dll
0x00007ffaef140000 - 0x00007ffaef24b000 	C:\Windows\System32\gdi32full.dll
0x00007ffaeedd0000 - 0x00007ffaeee6d000 	C:\Windows\System32\msvcp_win.dll
0x00007ffaef530000 - 0x00007ffaef630000 	C:\Windows\System32\ucrtbase.dll
0x00007ffae4990000 - 0x00007ffae4c2a000 	C:\Windows\WinSxS\amd64_microsoft.windows.common-controls_6595b64144ccf1df_6.0.19041.1110_none_60b5254171f9507e\COMCTL32.dll
0x00007ffaefc50000 - 0x00007ffaefc80000 	C:\Windows\System32\IMM32.DLL
0x0000000060060000 - 0x0000000060132000 	C:\Program Files\Java\jdk1.8.0_211\jre\bin\msvcr100.dll
0x000000005f7b0000 - 0x0000000060055000 	C:\Program Files\Java\jdk1.8.0_211\jre\bin\server\jvm.dll
0x00007ffaefd80000 - 0x00007ffaefd88000 	C:\Windows\System32\PSAPI.DLL
0x00007ffacf970000 - 0x00007ffacf979000 	C:\Windows\SYSTEM32\WSOCK32.dll
0x00007ffadf410000 - 0x00007ffadf437000 	C:\Windows\SYSTEM32\WINMM.dll
0x00007ffae2a70000 - 0x00007ffae2a7a000 	C:\Windows\SYSTEM32\VERSION.dll
0x00007ffaf0ae0000 - 0x00007ffaf0b4b000 	C:\Windows\System32\WS2_32.dll
0x00007ffacf960000 - 0x00007ffacf96f000 	C:\Program Files\Java\jdk1.8.0_211\jre\bin\verify.dll
0x00007ffaa4670000 - 0x00007ffaa4699000 	C:\Program Files\Java\jdk1.8.0_211\jre\bin\java.dll
0x00007ffab73c0000 - 0x00007ffab73d6000 	C:\Program Files\Java\jdk1.8.0_211\jre\bin\zip.dll
0x00007ffaf0b50000 - 0x00007ffaf1293000 	C:\Windows\System32\SHELL32.dll
0x00007ffaecdc0000 - 0x00007ffaed555000 	C:\Windows\SYSTEM32\windows.storage.dll
0x00007ffaf0110000 - 0x00007ffaf0464000 	C:\Windows\System32\combase.dll
0x00007ffaee680000 - 0x00007ffaee6b0000 	C:\Windows\SYSTEM32\Wldp.dll
0x00007ffaf0840000 - 0x00007ffaf08ed000 	C:\Windows\System32\SHCORE.dll
0x00007ffaf0630000 - 0x00007ffaf0685000 	C:\Windows\System32\shlwapi.dll
0x00007ffaeec30000 - 0x00007ffaeec4f000 	C:\Windows\SYSTEM32\profapi.dll
0x00007ffaa4320000 - 0x00007ffaa433a000 	C:\Program Files\Java\jdk1.8.0_211\jre\bin\net.dll
0x00007ffae1eb0000 - 0x00007ffae209c000 	C:\Windows\SYSTEM32\urlmon.dll
0x00007ffae19c0000 - 0x00007ffae1c71000 	C:\Windows\SYSTEM32\iertutil.dll
0x00007ffae2de0000 - 0x00007ffae2e08000 	C:\Windows\SYSTEM32\srvcli.dll
0x00007ffaee230000 - 0x00007ffaee23c000 	C:\Windows\SYSTEM32\netutils.dll
0x00007ffaee3e0000 - 0x00007ffaee44a000 	C:\Windows\system32\mswsock.dll
0x00007ffaa3da0000 - 0x00007ffaa3db2000 	C:\Program Files\Java\jdk1.8.0_211\jre\bin\nio.dll
0x00007ffaecb00000 - 0x00007ffaecce4000 	C:\Windows\SYSTEM32\dbghelp.dll
0x00007ffaef250000 - 0x00007ffaef2d2000 	C:\Windows\System32\bcryptPrimitives.dll

VM Arguments:
java_command: org.jetbrains.kotlin.cli.jvm.K2JVMCompiler @C:\work\Android_Project\MyReactNativeApp3\node_modules\react-native-gradle-plugin\build\20220923_22832739415967078.compiler.options
java_class_path (initial): C:\Users\KIMS\.gradle\caches\modules-2\files-2.1\org.jetbrains.kotlin\kotlin-compiler-embeddable\1.6.10\88f2073f4020cdb83132cfe940ceb9a60aba54ea\kotlin-compiler-embeddable-1.6.10.jar;C:\Users\KIMS\.gradle\caches\modules-2\files-2.1\org.jetbrains.kotlin\kotlin-reflect\1.6.10\1cbe9c92c12a94eea200d23c2bbaedaf3daf5132\kotlin-reflect-1.6.10.jar;C:\Users\KIMS\.gradle\caches\modules-2\files-2.1\org.jetbrains.kotlin\kotlin-stdlib\1.6.10\b8af3fe6f1ca88526914929add63cf5e7c5049af\kotlin-stdlib-1.6.10.jar;C:\Users\KIMS\.gradle\caches\modules-2\files-2.1\org.jetbrains.kotlin\kotlin-script-runtime\1.6.10\d0a7ff2e2500ef497ed0214ae40ad3c8387a6164\kotlin-script-runtime-1.6.10.jar;C:\Users\KIMS\.gradle\caches\modules-2\files-2.1\org.jetbrains.kotlin\kotlin-daemon-embeddable\1.6.10\a56d79bcbea411fa6058e4ecffc2de73e742bd2a\kotlin-daemon-embeddable-1.6.10.jar;C:\Users\KIMS\.gradle\caches\modules-2\files-2.1\org.jetbrains.intellij.deps\trove4j\1.0.20181211\216c2e14b070f334479d800987affe4054cd563f\trove4j-1.0.20181211.jar;C:\Users\KIMS\.gradle\caches\modules-2\files-2.1\net.java.dev.jna\jna\5.6.0\330f2244e9030119ab3030fc3fededc86713d9cc\jna-5.6.0.jar;C:\Users\KIMS\.gradle\caches\modules-2\files-2.1\org.jetbrains\annotations\13.0\919f0dfe192fb4e063e7dacadee7f8bb9a2672a9\annotations-13.0.jar;C:\Users\KIMS\.gradle\caches\modules-2\files-2.1\org.jetbrains.kotlin\kotlin-stdlib-common\1.6.10\c118700e3a33c8a0d9adc920e9dec0831171925\kotlin-stdlib-common-1.6.10.jar;C:\Program Files\Java\jdk1.8.0_211\lib\tools.jar
Launcher Type: SUN_STANDARD

Environment Variables:
JAVA_HOME=C:\Program Files\Java\jdk1.8.0_211
CLASSPATH=C:\work\Android_Project\MyReactNativeApp3\android\\gradle\wrapper\gradle-wrapper.jar
PATH=C:\work\Android_Project\MyReactNativeApp3\android\node_modules\.bin;C:\work\Android_Project\MyReactNativeApp3\node_modules\.bin;C:\work\Android_Project\node_modules\.bin;C:\work\node_modules\.bin;C:\node_modules\.bin;C:\Program Files\nodejs;C:\work\Android_Project\MyReactNativeApp3\node_modules\.bin;C:\work\Android_Project\node_modules\.bin;C:\work\node_modules\.bin;C:\node_modules\.bin;C:\Users\KIMS\AppData\Roaming\nvm\v16.15.0\node_modules\npm\node_modules\@npmcli\run-script\lib\node-gyp-bin;C:\Python310\Scripts\;C:\Python310\;C:\Program Files\Common Files\Oracle\Java\javapath;C:\Windows\system32;C:\Windows;C:\Windows\System32\Wbem;C:\Windows\System32\WindowsPowerShell\v1.0\;C:\Windows\System32\OpenSSH\;C:\Program Files\Bandizip\;C:\Program Files\Git\cmd;C:\Users\KIMS\AppData\Roaming\nvm;C:\Program Files\nodejs;C:\ProgramData\chocolatey\bin;C:\Program Files\nodejs\;C:\Program Files\Java\jdk1.8.0_211\bin;C:\Users\KIMS\AppData\Local\Microsoft\WindowsApps;C:\Users\KIMS\AppData\Local\Programs\Microsoft VS Code\bin;C:\Users\KIMS\AppData\Roaming\nvm;C:\Program Files\nodejs;C:\Users\KIMS\AppData\Local\Android\Sdk\platform-tools;;C:\work\Android_Project\MyReactNativeApp3\node_modules\.bin
USERNAME=KIMS
OS=Windows_NT
PROCESSOR_IDENTIFIER=AMD64 Family 23 Model 104 Stepping 1, AuthenticAMD



---------------  S Y S T E M  ---------------

OS: Windows 10.0 , 64 bit Build 19041 (10.0.19041.1889)

CPU:total 12 (initial active 12) (12 cores per cpu, 1 threads per core) family 23 model 104 stepping 1, cmov, cx8, fxsr, mmx, sse, sse2, sse3, ssse3, sse4.1, sse4.2, popcnt, avx, avx2, aes, clmul, mmxext, 3dnowpref, lzcnt, sse4a, tsc, tscinvbit, tscinv, bmi1

Memory: 4k page, physical 16100156k(6431696k free), swap 18590524k(6231668k free)

vm_info: Java HotSpot(TM) 64-Bit Server VM (25.211-b12) for windows-amd64 JRE (1.8.0_211-b12), built on Apr  1 2019 20:53:26 by "java_re" with MS VC++ 10.0 (VS2010)

time: Fri Sep 23 09:02:44 2022
timezone:  
elapsed time: 14 seconds (0d 0h 0m 14s)

